{"__type":"$$EventMessageAudit","id":"5868b7a0-0470-4862-ba11-1fa0a6ecf52f","ts":"2026-04-15T18:36:16.386-05:00","eventName":"n8n.audit.workflow.executed","message":"n8n.audit.workflow.executed","payload":{"userId":"b2cb6c8b-f443-4d16-9483-5bab5d1fe4d0","_email":"anibal.cayetano@gmail.com","_firstName":"anibal","_lastName":"cayetano","globalRole":"global:owner","workflowId":"k6IvHBBQsJxYBBCg","workflowName":"My workflow","executionId":"8","source":"user-manual"}}
{"__type":"$$EventMessageConfirm","confirm":"5868b7a0-0470-4862-ba11-1fa0a6ecf52f","ts":"2026-04-15T18:36:16.388-05:00","source":{"id":"0","name":"eventBus"}}
{"__type":"$$EventMessageWorkflow","id":"bab7b1a0-f386-4bb1-bbf7-a8b897c6d131","ts":"2026-04-15T18:36:16.388-05:00","eventName":"n8n.workflow.started","message":"n8n.workflow.started","payload":{"executionId":"8","workflowId":"k6IvHBBQsJxYBBCg","isManual":false,"mode":"manual","workflowName":"My workflow"}}
{"__type":"$$EventMessageConfirm","confirm":"bab7b1a0-f386-4bb1-bbf7-a8b897c6d131","ts":"2026-04-15T18:36:16.388-05:00","source":{"id":"0","name":"eventBus"}}
{"__type":"$$EventMessageNode","id":"335f2e82-3239-40b6-93c6-90489d1f79e8","ts":"2026-04-15T18:36:16.524-05:00","eventName":"n8n.node.started","message":"n8n.node.started","payload":{"workflowId":"k6IvHBBQsJxYBBCg","workflowName":"My workflow","executionId":"8","nodeType":"n8n-nodes-base.emailReadImap","nodeName":"Email Trigger (IMAP)","nodeId":"04c20641-dd3e-45e8-b5f4-1f25f88db1af"}}
{"__type":"$$EventMessageConfirm","confirm":"335f2e82-3239-40b6-93c6-90489d1f79e8","ts":"2026-04-15T18:36:16.524-05:00","source":{"id":"0","name":"eventBus"}}
{"__type":"$$EventMessageNode","id":"4f652573-7fed-432e-a95c-bf23076f06f6","ts":"2026-04-15T18:36:21.932-05:00","eventName":"n8n.node.finished","message":"n8n.node.finished","payload":{"workflowId":"k6IvHBBQsJxYBBCg","workflowName":"My workflow","executionId":"8","nodeType":"n8n-nodes-base.emailReadImap","nodeName":"Email Trigger (IMAP)","nodeId":"04c20641-dd3e-45e8-b5f4-1f25f88db1af"}}
{"__type":"$$EventMessageConfirm","confirm":"4f652573-7fed-432e-a95c-bf23076f06f6","ts":"2026-04-15T18:36:21.933-05:00","source":{"id":"0","name":"eventBus"}}
{"__type":"$$EventMessageWorkflow","id":"e59fcd6d-2189-4d1b-ba65-900faf8cb38f","ts":"2026-04-15T18:36:22.895-05:00","eventName":"n8n.workflow.success","message":"n8n.workflow.success","payload":{"userId":"b2cb6c8b-f443-4d16-9483-5bab5d1fe4d0","executionId":"8","success":true,"isManual":true,"mode":"manual","workflowId":"k6IvHBBQsJxYBBCg","workflowName":"My workflow"}}
{"__type":"$$EventMessageConfirm","confirm":"e59fcd6d-2189-4d1b-ba65-900faf8cb38f","ts":"2026-04-15T18:36:22.896-05:00","source":{"id":"0","name":"eventBus"}}
{"__type":"$$EventMessageAudit","id":"80ed91a1-9097-46db-9aab-c1d5d6625857","ts":"2026-04-15T18:36:27.763-05:00","eventName":"n8n.audit.workflow.executed","message":"n8n.audit.workflow.executed","payload":{"userId":"b2cb6c8b-f443-4d16-9483-5bab5d1fe4d0","_email":"anibal.cayetano@gmail.com","_firstName":"anibal","_lastName":"cayetano","globalRole":"global:owner","workflowId":"k6IvHBBQsJxYBBCg","workflowName":"My workflow","executionId":"9","source":"user-manual"}}
{"__type":"$$EventMessageConfirm","confirm":"80ed91a1-9097-46db-9aab-c1d5d6625857","ts":"2026-04-15T18:36:27.763-05:00","source":{"id":"0","name":"eventBus"}}
{"__type":"$$EventMessageWorkflow","id":"ad26b22c-8fb1-41c5-addb-58fced00fc1d","ts":"2026-04-15T18:36:27.763-05:00","eventName":"n8n.workflow.started","message":"n8n.workflow.started","payload":{"executionId":"9","workflowId":"k6IvHBBQsJxYBBCg","isManual":false,"mode":"manual","workflowName":"My workflow"}}
{"__type":"$$EventMessageConfirm","confirm":"ad26b22c-8fb1-41c5-addb-58fced00fc1d","ts":"2026-04-15T18:36:27.763-05:00","source":{"id":"0","name":"eventBus"}}
{"__type":"$$EventMessageNode","id":"808cbe57-6951-426c-97f4-0c5ee17b986d","ts":"2026-04-15T18:36:27.796-05:00","eventName":"n8n.node.started","message":"n8n.node.started","payload":{"workflowId":"k6IvHBBQsJxYBBCg","workflowName":"My workflow","executionId":"9","nodeType":"n8n-nodes-base.readWriteFile","nodeName":"Read/Write Files from Disk","nodeId":"2c99bf53-8711-4c53-b87b-a7e4703d6518"}}
{"__type":"$$EventMessageConfirm","confirm":"808cbe57-6951-426c-97f4-0c5ee17b986d","ts":"2026-04-15T18:36:27.796-05:00","source":{"id":"0","name":"eventBus"}}
{"__type":"$$EventMessageNode","id":"c091ba95-73bd-41ca-a8d4-fd4499b81376","ts":"2026-04-15T18:36:27.898-05:00","eventName":"n8n.node.finished","message":"n8n.node.finished","payload":{"workflowId":"k6IvHBBQsJxYBBCg","workflowName":"My workflow","executionId":"9","nodeType":"n8n-nodes-base.readWriteFile","nodeName":"Read/Write Files from Disk","nodeId":"2c99bf53-8711-4c53-b87b-a7e4703d6518"}}
{"__type":"$$EventMessageConfirm","confirm":"c091ba95-73bd-41ca-a8d4-fd4499b81376","ts":"2026-04-15T18:36:27.898-05:00","source":{"id":"0","name":"eventBus"}}
{"__type":"$$EventMessageWorkflow","id":"7010357d-a2e8-4f40-a98b-356d35836e94","ts":"2026-04-15T18:36:27.902-05:00","eventName":"n8n.workflow.failed","message":"n8n.workflow.failed","payload":{"userId":"b2cb6c8b-f443-4d16-9483-5bab5d1fe4d0","executionId":"9","success":false,"isManual":true,"mode":"manual","workflowId":"k6IvHBBQsJxYBBCg","workflowName":"My workflow","lastNodeExecuted":"Read/Write Files from Disk","errorNodeType":"n8n-nodes-base.readWriteFile","errorMessage":"This operation expects the node's input data to contain a binary file 'attachment_0', but none was found [item 0]"}}
{"__type":"$$EventMessageConfirm","confirm":"7010357d-a2e8-4f40-a98b-356d35836e94","ts":"2026-04-15T18:36:27.902-05:00","source":{"id":"0","name":"eventBus"}}
{"__type":"$$EventMessageAudit","id":"10034cf0-ae1b-4ee8-bb25-badb2530dedc","ts":"2026-04-15T18:38:58.414-05:00","eventName":"n8n.audit.workflow.executed","message":"n8n.audit.workflow.executed","payload":{"userId":"b2cb6c8b-f443-4d16-9483-5bab5d1fe4d0","_email":"anibal.cayetano@gmail.com","_firstName":"anibal","_lastName":"cayetano","globalRole":"global:owner","workflowId":"k6IvHBBQsJxYBBCg","workflowName":"My workflow","executionId":"10","source":"user-manual"}}
{"__type":"$$EventMessageConfirm","confirm":"10034cf0-ae1b-4ee8-bb25-badb2530dedc","ts":"2026-04-15T18:38:58.414-05:00","source":{"id":"0","name":"eventBus"}}
{"__type":"$$EventMessageWorkflow","id":"f8aae823-e180-4f0c-888a-9ff4ba427906","ts":"2026-04-15T18:38:58.414-05:00","eventName":"n8n.workflow.started","message":"n8n.workflow.started","payload":{"executionId":"10","workflowId":"k6IvHBBQsJxYBBCg","isManual":false,"mode":"manual","workflowName":"My workflow"}}
{"__type":"$$EventMessageConfirm","confirm":"f8aae823-e180-4f0c-888a-9ff4ba427906","ts":"2026-04-15T18:38:58.415-05:00","source":{"id":"0","name":"eventBus"}}
{"__type":"$$EventMessageNode","id":"2487c843-776b-4bd2-b086-8ce85524d026","ts":"2026-04-15T18:38:58.438-05:00","eventName":"n8n.node.started","message":"n8n.node.started","payload":{"workflowId":"k6IvHBBQsJxYBBCg","workflowName":"My workflow","executionId":"10","nodeType":"n8n-nodes-base.emailReadImap","nodeName":"Email Trigger (IMAP)","nodeId":"04c20641-dd3e-45e8-b5f4-1f25f88db1af"}}
{"__type":"$$EventMessageConfirm","confirm":"2487c843-776b-4bd2-b086-8ce85524d026","ts":"2026-04-15T18:38:58.438-05:00","source":{"id":"0","name":"eventBus"}}
{"__type":"$$EventMessageWorkflow","id":"0652fabb-5851-4bbe-b7b6-fe5809631341","ts":"2026-04-15T18:39:42.101-05:00","eventName":"n8n.workflow.cancelled","message":"n8n.workflow.cancelled","payload":{"executionId":"10","workflowId":"k6IvHBBQsJxYBBCg","workflowName":"My workflow","reason":"manual"}}
{"__type":"$$EventMessageConfirm","confirm":"0652fabb-5851-4bbe-b7b6-fe5809631341","ts":"2026-04-15T18:39:42.101-05:00","source":{"id":"0","name":"eventBus"}}
{"__type":"$$EventMessageWorkflow","id":"d07f0b51-2abd-4c14-b9f0-138b4cbd40ae","ts":"2026-04-15T18:39:42.103-05:00","eventName":"n8n.workflow.failed","message":"n8n.workflow.failed","payload":{"userId":"b2cb6c8b-f443-4d16-9483-5bab5d1fe4d0","executionId":"10","success":false,"isManual":true,"mode":"manual","workflowId":"k6IvHBBQsJxYBBCg","workflowName":"My workflow"}}
{"__type":"$$EventMessageConfirm","confirm":"d07f0b51-2abd-4c14-b9f0-138b4cbd40ae","ts":"2026-04-15T18:39:42.103-05:00","source":{"id":"0","name":"eventBus"}}
{"__type":"$$EventMessageAudit","id":"1a17dc52-41f9-4b06-8f12-9796f7f6f1e9","ts":"2026-04-15T18:39:43.869-05:00","eventName":"n8n.audit.workflow.executed","message":"n8n.audit.workflow.executed","payload":{"userId":"b2cb6c8b-f443-4d16-9483-5bab5d1fe4d0","_email":"anibal.cayetano@gmail.com","_firstName":"anibal","_lastName":"cayetano","globalRole":"global:owner","workflowId":"k6IvHBBQsJxYBBCg","workflowName":"My workflow","executionId":"11","source":"user-manual"}}
{"__type":"$$EventMessageConfirm","confirm":"1a17dc52-41f9-4b06-8f12-9796f7f6f1e9","ts":"2026-04-15T18:39:43.870-05:00","source":{"id":"0","name":"eventBus"}}
{"__type":"$$EventMessageWorkflow","id":"8135ec0f-107c-41b9-beb6-6b01737bbea7","ts":"2026-04-15T18:39:43.870-05:00","eventName":"n8n.workflow.started","message":"n8n.workflow.started","payload":{"executionId":"11","workflowId":"k6IvHBBQsJxYBBCg","isManual":false,"mode":"manual","workflowName":"My workflow"}}
{"__type":"$$EventMessageConfirm","confirm":"8135ec0f-107c-41b9-beb6-6b01737bbea7","ts":"2026-04-15T18:39:43.870-05:00","source":{"id":"0","name":"eventBus"}}
{"__type":"$$EventMessageNode","id":"3019c9b4-6fc0-40dc-986f-a56c5541b689","ts":"2026-04-15T18:39:43.892-05:00","eventName":"n8n.node.started","message":"n8n.node.started","payload":{"workflowId":"k6IvHBBQsJxYBBCg","workflowName":"My workflow","executionId":"11","nodeType":"n8n-nodes-base.emailReadImap","nodeName":"Email Trigger (IMAP)","nodeId":"04c20641-dd3e-45e8-b5f4-1f25f88db1af"}}
{"__type":"$$EventMessageConfirm","confirm":"3019c9b4-6fc0-40dc-986f-a56c5541b689","ts":"2026-04-15T18:39:43.892-05:00","source":{"id":"0","name":"eventBus"}}
