{"__type":"$$EventMessageAudit","id":"b898e449-b15d-486c-9b23-1c4574b0e781","ts":"2026-04-15T18:08:35.628-05:00","eventName":"n8n.audit.workflow.executed","message":"n8n.audit.workflow.executed","payload":{"userId":"b2cb6c8b-f443-4d16-9483-5bab5d1fe4d0","_email":"anibal.cayetano@gmail.com","_firstName":"anibal","_lastName":"cayetano","globalRole":"global:owner","workflowId":"k6IvHBBQsJxYBBCg","workflowName":"My workflow","executionId":"5","source":"user-manual"}}
{"__type":"$$EventMessageConfirm","confirm":"b898e449-b15d-486c-9b23-1c4574b0e781","ts":"2026-04-15T18:08:35.628-05:00","source":{"id":"0","name":"eventBus"}}
{"__type":"$$EventMessageWorkflow","id":"1f6a15c0-8cdf-407c-89e1-5873be60e7ae","ts":"2026-04-15T18:08:35.629-05:00","eventName":"n8n.workflow.started","message":"n8n.workflow.started","payload":{"executionId":"5","workflowId":"k6IvHBBQsJxYBBCg","isManual":false,"mode":"manual","workflowName":"My workflow"}}
{"__type":"$$EventMessageConfirm","confirm":"1f6a15c0-8cdf-407c-89e1-5873be60e7ae","ts":"2026-04-15T18:08:35.629-05:00","source":{"id":"0","name":"eventBus"}}
{"__type":"$$EventMessageNode","id":"a6be2372-af30-4ad0-8abc-ec48d91eee90","ts":"2026-04-15T18:08:35.675-05:00","eventName":"n8n.node.started","message":"n8n.node.started","payload":{"workflowId":"k6IvHBBQsJxYBBCg","workflowName":"My workflow","executionId":"5","nodeType":"n8n-nodes-base.readWriteFile","nodeName":"Read/Write Files from Disk","nodeId":"2c99bf53-8711-4c53-b87b-a7e4703d6518"}}
{"__type":"$$EventMessageConfirm","confirm":"a6be2372-af30-4ad0-8abc-ec48d91eee90","ts":"2026-04-15T18:08:35.675-05:00","source":{"id":"0","name":"eventBus"}}
{"__type":"$$EventMessageNode","id":"34984606-cd5f-4b8d-87fd-d96a279b02d3","ts":"2026-04-15T18:08:35.816-05:00","eventName":"n8n.node.finished","message":"n8n.node.finished","payload":{"workflowId":"k6IvHBBQsJxYBBCg","workflowName":"My workflow","executionId":"5","nodeType":"n8n-nodes-base.readWriteFile","nodeName":"Read/Write Files from Disk","nodeId":"2c99bf53-8711-4c53-b87b-a7e4703d6518"}}
{"__type":"$$EventMessageConfirm","confirm":"34984606-cd5f-4b8d-87fd-d96a279b02d3","ts":"2026-04-15T18:08:35.816-05:00","source":{"id":"0","name":"eventBus"}}
{"__type":"$$EventMessageWorkflow","id":"cf2c5fb3-3c11-4208-883e-96cff1beca8d","ts":"2026-04-15T18:08:35.832-05:00","eventName":"n8n.workflow.failed","message":"n8n.workflow.failed","payload":{"userId":"b2cb6c8b-f443-4d16-9483-5bab5d1fe4d0","executionId":"5","success":false,"isManual":true,"mode":"manual","workflowId":"k6IvHBBQsJxYBBCg","workflowName":"My workflow","lastNodeExecuted":"Read/Write Files from Disk","errorNodeType":"n8n-nodes-base.readWriteFile","errorMessage":"The file \"/files/2026/04/20514753483-01-F010-00011002.xml\" is not writable."}}
{"__type":"$$EventMessageConfirm","confirm":"cf2c5fb3-3c11-4208-883e-96cff1beca8d","ts":"2026-04-15T18:08:35.832-05:00","source":{"id":"0","name":"eventBus"}}
{"__type":"$$EventMessageAudit","id":"dc6d6e56-8323-49ea-a9d1-69d860e870fa","ts":"2026-04-15T18:20:10.661-05:00","eventName":"n8n.audit.workflow.updated","message":"n8n.audit.workflow.updated","payload":{"userId":"b2cb6c8b-f443-4d16-9483-5bab5d1fe4d0","_email":"anibal.cayetano@gmail.com","_firstName":"anibal","_lastName":"cayetano","globalRole":"global:owner","workflowId":"k6IvHBBQsJxYBBCg","workflowName":"My workflow"}}
{"__type":"$$EventMessageConfirm","confirm":"dc6d6e56-8323-49ea-a9d1-69d860e870fa","ts":"2026-04-15T18:20:10.661-05:00","source":{"id":"0","name":"eventBus"}}
{"__type":"$$EventMessageAudit","id":"0551dca6-849d-4053-87d7-b252c03bec4a","ts":"2026-04-15T18:20:42.183-05:00","eventName":"n8n.audit.workflow.executed","message":"n8n.audit.workflow.executed","payload":{"userId":"b2cb6c8b-f443-4d16-9483-5bab5d1fe4d0","_email":"anibal.cayetano@gmail.com","_firstName":"anibal","_lastName":"cayetano","globalRole":"global:owner","workflowId":"k6IvHBBQsJxYBBCg","workflowName":"My workflow","executionId":"6","source":"user-manual"}}
{"__type":"$$EventMessageConfirm","confirm":"0551dca6-849d-4053-87d7-b252c03bec4a","ts":"2026-04-15T18:20:42.183-05:00","source":{"id":"0","name":"eventBus"}}
{"__type":"$$EventMessageWorkflow","id":"d6ac960a-db4f-4499-90b4-590c2f433c8f","ts":"2026-04-15T18:20:42.183-05:00","eventName":"n8n.workflow.started","message":"n8n.workflow.started","payload":{"executionId":"6","workflowId":"k6IvHBBQsJxYBBCg","isManual":false,"mode":"manual","workflowName":"My workflow"}}
{"__type":"$$EventMessageConfirm","confirm":"d6ac960a-db4f-4499-90b4-590c2f433c8f","ts":"2026-04-15T18:20:42.183-05:00","source":{"id":"0","name":"eventBus"}}
{"__type":"$$EventMessageNode","id":"f6be72f7-fdcf-4e7b-a58f-646ba8f9529b","ts":"2026-04-15T18:20:42.211-05:00","eventName":"n8n.node.started","message":"n8n.node.started","payload":{"workflowId":"k6IvHBBQsJxYBBCg","workflowName":"My workflow","executionId":"6","nodeType":"n8n-nodes-base.readWriteFile","nodeName":"Read/Write Files from Disk","nodeId":"2c99bf53-8711-4c53-b87b-a7e4703d6518"}}
{"__type":"$$EventMessageConfirm","confirm":"f6be72f7-fdcf-4e7b-a58f-646ba8f9529b","ts":"2026-04-15T18:20:42.211-05:00","source":{"id":"0","name":"eventBus"}}
{"__type":"$$EventMessageNode","id":"4c485893-f544-4cd0-8477-0c1996494840","ts":"2026-04-15T18:20:42.243-05:00","eventName":"n8n.node.finished","message":"n8n.node.finished","payload":{"workflowId":"k6IvHBBQsJxYBBCg","workflowName":"My workflow","executionId":"6","nodeType":"n8n-nodes-base.readWriteFile","nodeName":"Read/Write Files from Disk","nodeId":"2c99bf53-8711-4c53-b87b-a7e4703d6518"}}
{"__type":"$$EventMessageConfirm","confirm":"4c485893-f544-4cd0-8477-0c1996494840","ts":"2026-04-15T18:20:42.243-05:00","source":{"id":"0","name":"eventBus"}}
{"__type":"$$EventMessageWorkflow","id":"58d51149-9df7-42f4-9fd7-028ce2d09487","ts":"2026-04-15T18:20:42.248-05:00","eventName":"n8n.workflow.failed","message":"n8n.workflow.failed","payload":{"userId":"b2cb6c8b-f443-4d16-9483-5bab5d1fe4d0","executionId":"6","success":false,"isManual":true,"mode":"manual","workflowId":"k6IvHBBQsJxYBBCg","workflowName":"My workflow","lastNodeExecuted":"Read/Write Files from Disk","errorNodeType":"n8n-nodes-base.readWriteFile","errorMessage":"The file \"/files/inbox/2026/04/20514753483-01-F010-00011002.xml\" is not writable."}}
{"__type":"$$EventMessageConfirm","confirm":"58d51149-9df7-42f4-9fd7-028ce2d09487","ts":"2026-04-15T18:20:42.248-05:00","source":{"id":"0","name":"eventBus"}}
