{"__type":"$$EventMessageAudit","id":"4bf87677-28dc-48ee-acff-e551ac64b586","ts":"2026-04-16T08:25:34.487-05:00","eventName":"n8n.audit.workflow.executed","message":"n8n.audit.workflow.executed","payload":{"userId":"b2cb6c8b-f443-4d16-9483-5bab5d1fe4d0","_email":"anibal.cayetano@gmail.com","_firstName":"anibal","_lastName":"cayetano","globalRole":"global:owner","workflowId":"k6IvHBBQsJxYBBCg","workflowName":"My workflow","executionId":"12","source":"user-manual"}}
{"__type":"$$EventMessageConfirm","confirm":"4bf87677-28dc-48ee-acff-e551ac64b586","ts":"2026-04-16T08:25:34.488-05:00","source":{"id":"0","name":"eventBus"}}
{"__type":"$$EventMessageWorkflow","id":"663b83f8-fd34-4e5a-a8fa-4bfb2e72eac6","ts":"2026-04-16T08:25:34.489-05:00","eventName":"n8n.workflow.started","message":"n8n.workflow.started","payload":{"executionId":"12","workflowId":"k6IvHBBQsJxYBBCg","isManual":false,"mode":"manual","workflowName":"My workflow"}}
{"__type":"$$EventMessageConfirm","confirm":"663b83f8-fd34-4e5a-a8fa-4bfb2e72eac6","ts":"2026-04-16T08:25:34.489-05:00","source":{"id":"0","name":"eventBus"}}
{"__type":"$$EventMessageNode","id":"564aa1dd-fe74-4a58-8bd8-c22d81e52168","ts":"2026-04-16T08:25:34.527-05:00","eventName":"n8n.node.started","message":"n8n.node.started","payload":{"workflowId":"k6IvHBBQsJxYBBCg","workflowName":"My workflow","executionId":"12","nodeType":"n8n-nodes-base.emailReadImap","nodeName":"Email Trigger (IMAP)","nodeId":"04c20641-dd3e-45e8-b5f4-1f25f88db1af"}}
{"__type":"$$EventMessageConfirm","confirm":"564aa1dd-fe74-4a58-8bd8-c22d81e52168","ts":"2026-04-16T08:25:34.527-05:00","source":{"id":"0","name":"eventBus"}}
{"__type":"$$EventMessageAudit","id":"9f5b1565-51d9-47e0-976c-23b67753c5ca","ts":"2026-04-16T08:29:06.606-05:00","eventName":"n8n.audit.workflow.updated","message":"n8n.audit.workflow.updated","payload":{"userId":"b2cb6c8b-f443-4d16-9483-5bab5d1fe4d0","_email":"anibal.cayetano@gmail.com","_firstName":"anibal","_lastName":"cayetano","globalRole":"global:owner","workflowId":"k6IvHBBQsJxYBBCg","workflowName":"My workflow"}}
{"__type":"$$EventMessageConfirm","confirm":"9f5b1565-51d9-47e0-976c-23b67753c5ca","ts":"2026-04-16T08:29:06.607-05:00","source":{"id":"0","name":"eventBus"}}
{"__type":"$$EventMessageAudit","id":"081b6db5-3f49-4cbf-a9ab-949484796a12","ts":"2026-04-16T08:29:45.276-05:00","eventName":"n8n.audit.workflow.updated","message":"n8n.audit.workflow.updated","payload":{"userId":"b2cb6c8b-f443-4d16-9483-5bab5d1fe4d0","_email":"anibal.cayetano@gmail.com","_firstName":"anibal","_lastName":"cayetano","globalRole":"global:owner","workflowId":"k6IvHBBQsJxYBBCg","workflowName":"My workflow"}}
{"__type":"$$EventMessageConfirm","confirm":"081b6db5-3f49-4cbf-a9ab-949484796a12","ts":"2026-04-16T08:29:45.276-05:00","source":{"id":"0","name":"eventBus"}}
{"__type":"$$EventMessageAudit","id":"f2acf12f-13cc-4187-af45-26b03d7bab27","ts":"2026-04-16T08:29:51.386-05:00","eventName":"n8n.audit.workflow.executed","message":"n8n.audit.workflow.executed","payload":{"userId":"b2cb6c8b-f443-4d16-9483-5bab5d1fe4d0","_email":"anibal.cayetano@gmail.com","_firstName":"anibal","_lastName":"cayetano","globalRole":"global:owner","workflowId":"k6IvHBBQsJxYBBCg","workflowName":"My workflow","executionId":"13","source":"user-manual"}}
{"__type":"$$EventMessageConfirm","confirm":"f2acf12f-13cc-4187-af45-26b03d7bab27","ts":"2026-04-16T08:29:51.387-05:00","source":{"id":"0","name":"eventBus"}}
{"__type":"$$EventMessageWorkflow","id":"2d84bd07-1145-43d2-94fd-e831484297ec","ts":"2026-04-16T08:29:51.387-05:00","eventName":"n8n.workflow.started","message":"n8n.workflow.started","payload":{"executionId":"13","workflowId":"k6IvHBBQsJxYBBCg","isManual":false,"mode":"manual","workflowName":"My workflow"}}
{"__type":"$$EventMessageConfirm","confirm":"2d84bd07-1145-43d2-94fd-e831484297ec","ts":"2026-04-16T08:29:51.387-05:00","source":{"id":"0","name":"eventBus"}}
{"__type":"$$EventMessageNode","id":"f9c7e3fc-11e3-454b-bcbf-13c3359eb31a","ts":"2026-04-16T08:29:51.417-05:00","eventName":"n8n.node.started","message":"n8n.node.started","payload":{"workflowId":"k6IvHBBQsJxYBBCg","workflowName":"My workflow","executionId":"13","nodeType":"n8n-nodes-base.emailReadImap","nodeName":"Email Trigger (IMAP)","nodeId":"04c20641-dd3e-45e8-b5f4-1f25f88db1af"}}
{"__type":"$$EventMessageConfirm","confirm":"f9c7e3fc-11e3-454b-bcbf-13c3359eb31a","ts":"2026-04-16T08:29:51.417-05:00","source":{"id":"0","name":"eventBus"}}
{"__type":"$$EventMessageWorkflow","id":"61662e2e-4d7a-4f2b-baed-6c22e6a2520c","ts":"2026-04-16T08:34:12.941-05:00","eventName":"n8n.workflow.cancelled","message":"n8n.workflow.cancelled","payload":{"executionId":"12","workflowId":"k6IvHBBQsJxYBBCg","workflowName":"My workflow","reason":"manual"}}
{"__type":"$$EventMessageConfirm","confirm":"61662e2e-4d7a-4f2b-baed-6c22e6a2520c","ts":"2026-04-16T08:34:12.941-05:00","source":{"id":"0","name":"eventBus"}}
{"__type":"$$EventMessageWorkflow","id":"defb2f9e-ae38-42c4-879e-99347467bf49","ts":"2026-04-16T08:34:12.944-05:00","eventName":"n8n.workflow.failed","message":"n8n.workflow.failed","payload":{"userId":"b2cb6c8b-f443-4d16-9483-5bab5d1fe4d0","executionId":"12","success":false,"isManual":true,"mode":"manual","workflowId":"k6IvHBBQsJxYBBCg","workflowName":"My workflow"}}
{"__type":"$$EventMessageConfirm","confirm":"defb2f9e-ae38-42c4-879e-99347467bf49","ts":"2026-04-16T08:34:12.944-05:00","source":{"id":"0","name":"eventBus"}}
{"__type":"$$EventMessageAudit","id":"5a9d9b7c-0c75-442a-a4ef-174d4ca2f9f0","ts":"2026-04-16T08:34:13.420-05:00","eventName":"n8n.audit.workflow.executed","message":"n8n.audit.workflow.executed","payload":{"userId":"b2cb6c8b-f443-4d16-9483-5bab5d1fe4d0","_email":"anibal.cayetano@gmail.com","_firstName":"anibal","_lastName":"cayetano","globalRole":"global:owner","workflowId":"k6IvHBBQsJxYBBCg","workflowName":"My workflow","executionId":"14","source":"user-manual"}}
{"__type":"$$EventMessageConfirm","confirm":"5a9d9b7c-0c75-442a-a4ef-174d4ca2f9f0","ts":"2026-04-16T08:34:13.420-05:00","source":{"id":"0","name":"eventBus"}}
{"__type":"$$EventMessageWorkflow","id":"b383cf2e-00e5-424f-8e74-d3ecaaabf05f","ts":"2026-04-16T08:34:13.420-05:00","eventName":"n8n.workflow.started","message":"n8n.workflow.started","payload":{"executionId":"14","workflowId":"k6IvHBBQsJxYBBCg","isManual":false,"mode":"manual","workflowName":"My workflow"}}
{"__type":"$$EventMessageConfirm","confirm":"b383cf2e-00e5-424f-8e74-d3ecaaabf05f","ts":"2026-04-16T08:34:13.420-05:00","source":{"id":"0","name":"eventBus"}}
{"__type":"$$EventMessageNode","id":"d651fff9-4285-4e2b-a34d-1e986b50c931","ts":"2026-04-16T08:34:13.449-05:00","eventName":"n8n.node.started","message":"n8n.node.started","payload":{"workflowId":"k6IvHBBQsJxYBBCg","workflowName":"My workflow","executionId":"14","nodeType":"n8n-nodes-base.emailReadImap","nodeName":"Email Trigger (IMAP)","nodeId":"04c20641-dd3e-45e8-b5f4-1f25f88db1af"}}
{"__type":"$$EventMessageConfirm","confirm":"d651fff9-4285-4e2b-a34d-1e986b50c931","ts":"2026-04-16T08:34:13.449-05:00","source":{"id":"0","name":"eventBus"}}
{"__type":"$$EventMessageWorkflow","id":"b6f4fe7a-8508-4445-a24d-a450716a6096","ts":"2026-04-16T08:34:13.541-05:00","eventName":"n8n.workflow.cancelled","message":"n8n.workflow.cancelled","payload":{"executionId":"14","workflowId":"k6IvHBBQsJxYBBCg","workflowName":"My workflow","reason":"manual"}}
{"__type":"$$EventMessageConfirm","confirm":"b6f4fe7a-8508-4445-a24d-a450716a6096","ts":"2026-04-16T08:34:13.541-05:00","source":{"id":"0","name":"eventBus"}}
{"__type":"$$EventMessageWorkflow","id":"53f764c5-704f-47ef-9293-977ee55c9d1b","ts":"2026-04-16T08:34:13.543-05:00","eventName":"n8n.workflow.failed","message":"n8n.workflow.failed","payload":{"userId":"b2cb6c8b-f443-4d16-9483-5bab5d1fe4d0","executionId":"14","success":false,"isManual":true,"mode":"manual","workflowId":"k6IvHBBQsJxYBBCg","workflowName":"My workflow"}}
{"__type":"$$EventMessageConfirm","confirm":"53f764c5-704f-47ef-9293-977ee55c9d1b","ts":"2026-04-16T08:34:13.543-05:00","source":{"id":"0","name":"eventBus"}}
{"__type":"$$EventMessageAudit","id":"ffa99713-cd59-47e7-b0e0-0982c6afafae","ts":"2026-04-16T08:34:18.612-05:00","eventName":"n8n.audit.workflow.executed","message":"n8n.audit.workflow.executed","payload":{"userId":"b2cb6c8b-f443-4d16-9483-5bab5d1fe4d0","_email":"anibal.cayetano@gmail.com","_firstName":"anibal","_lastName":"cayetano","globalRole":"global:owner","workflowId":"k6IvHBBQsJxYBBCg","workflowName":"My workflow","executionId":"15","source":"user-manual"}}
{"__type":"$$EventMessageConfirm","confirm":"ffa99713-cd59-47e7-b0e0-0982c6afafae","ts":"2026-04-16T08:34:18.612-05:00","source":{"id":"0","name":"eventBus"}}
{"__type":"$$EventMessageWorkflow","id":"842559e6-6c0b-4ee1-bd27-e2c2856f725e","ts":"2026-04-16T08:34:18.612-05:00","eventName":"n8n.workflow.started","message":"n8n.workflow.started","payload":{"executionId":"15","workflowId":"k6IvHBBQsJxYBBCg","isManual":false,"mode":"manual","workflowName":"My workflow"}}
{"__type":"$$EventMessageConfirm","confirm":"842559e6-6c0b-4ee1-bd27-e2c2856f725e","ts":"2026-04-16T08:34:18.612-05:00","source":{"id":"0","name":"eventBus"}}
{"__type":"$$EventMessageNode","id":"9dfa5e2f-322d-4acc-b128-64b2fdfe475d","ts":"2026-04-16T08:34:18.632-05:00","eventName":"n8n.node.started","message":"n8n.node.started","payload":{"workflowId":"k6IvHBBQsJxYBBCg","workflowName":"My workflow","executionId":"15","nodeType":"n8n-nodes-base.emailReadImap","nodeName":"Email Trigger (IMAP)","nodeId":"04c20641-dd3e-45e8-b5f4-1f25f88db1af"}}
{"__type":"$$EventMessageConfirm","confirm":"9dfa5e2f-322d-4acc-b128-64b2fdfe475d","ts":"2026-04-16T08:34:18.632-05:00","source":{"id":"0","name":"eventBus"}}
{"__type":"$$EventMessageWorkflow","id":"56087ad9-cff8-4cac-8124-87c25a22747f","ts":"2026-04-16T08:36:03.525-05:00","eventName":"n8n.workflow.cancelled","message":"n8n.workflow.cancelled","payload":{"executionId":"15","workflowId":"k6IvHBBQsJxYBBCg","workflowName":"My workflow","reason":"manual"}}
{"__type":"$$EventMessageConfirm","confirm":"56087ad9-cff8-4cac-8124-87c25a22747f","ts":"2026-04-16T08:36:03.525-05:00","source":{"id":"0","name":"eventBus"}}
{"__type":"$$EventMessageWorkflow","id":"dd68a1a7-d488-429f-8216-c4c9e9105751","ts":"2026-04-16T08:36:03.527-05:00","eventName":"n8n.workflow.failed","message":"n8n.workflow.failed","payload":{"userId":"b2cb6c8b-f443-4d16-9483-5bab5d1fe4d0","executionId":"15","success":false,"isManual":true,"mode":"manual","workflowId":"k6IvHBBQsJxYBBCg","workflowName":"My workflow"}}
{"__type":"$$EventMessageConfirm","confirm":"dd68a1a7-d488-429f-8216-c4c9e9105751","ts":"2026-04-16T08:36:03.527-05:00","source":{"id":"0","name":"eventBus"}}
{"__type":"$$EventMessageAudit","id":"d7cce386-edd3-4e93-9e6a-aae994d8b505","ts":"2026-04-16T08:36:22.424-05:00","eventName":"n8n.audit.workflow.updated","message":"n8n.audit.workflow.updated","payload":{"userId":"b2cb6c8b-f443-4d16-9483-5bab5d1fe4d0","_email":"anibal.cayetano@gmail.com","_firstName":"anibal","_lastName":"cayetano","globalRole":"global:owner","workflowId":"k6IvHBBQsJxYBBCg","workflowName":"My workflow"}}
{"__type":"$$EventMessageConfirm","confirm":"d7cce386-edd3-4e93-9e6a-aae994d8b505","ts":"2026-04-16T08:36:22.424-05:00","source":{"id":"0","name":"eventBus"}}
{"__type":"$$EventMessageAudit","id":"3b9989e9-494d-4631-ab71-2cffab3ca12a","ts":"2026-04-16T08:36:25.444-05:00","eventName":"n8n.audit.workflow.updated","message":"n8n.audit.workflow.updated","payload":{"userId":"b2cb6c8b-f443-4d16-9483-5bab5d1fe4d0","_email":"anibal.cayetano@gmail.com","_firstName":"anibal","_lastName":"cayetano","globalRole":"global:owner","workflowId":"k6IvHBBQsJxYBBCg","workflowName":"My workflow"}}
{"__type":"$$EventMessageConfirm","confirm":"3b9989e9-494d-4631-ab71-2cffab3ca12a","ts":"2026-04-16T08:36:25.444-05:00","source":{"id":"0","name":"eventBus"}}
{"__type":"$$EventMessageAudit","id":"4cb2292a-4a8a-433e-95ec-66b3c4097cd0","ts":"2026-04-16T08:36:52.439-05:00","eventName":"n8n.audit.workflow.updated","message":"n8n.audit.workflow.updated","payload":{"userId":"b2cb6c8b-f443-4d16-9483-5bab5d1fe4d0","_email":"anibal.cayetano@gmail.com","_firstName":"anibal","_lastName":"cayetano","globalRole":"global:owner","workflowId":"k6IvHBBQsJxYBBCg","workflowName":"My workflow"}}
{"__type":"$$EventMessageConfirm","confirm":"4cb2292a-4a8a-433e-95ec-66b3c4097cd0","ts":"2026-04-16T08:36:52.440-05:00","source":{"id":"0","name":"eventBus"}}
{"__type":"$$EventMessageAudit","id":"a21c94cb-827d-4910-9711-9161c714dd0d","ts":"2026-04-16T08:36:54.765-05:00","eventName":"n8n.audit.workflow.updated","message":"n8n.audit.workflow.updated","payload":{"userId":"b2cb6c8b-f443-4d16-9483-5bab5d1fe4d0","_email":"anibal.cayetano@gmail.com","_firstName":"anibal","_lastName":"cayetano","globalRole":"global:owner","workflowId":"k6IvHBBQsJxYBBCg","workflowName":"My workflow"}}
{"__type":"$$EventMessageConfirm","confirm":"a21c94cb-827d-4910-9711-9161c714dd0d","ts":"2026-04-16T08:36:54.765-05:00","source":{"id":"0","name":"eventBus"}}
{"__type":"$$EventMessageAudit","id":"16ea2389-34d6-4e09-9010-0a61019767b2","ts":"2026-04-16T08:37:02.305-05:00","eventName":"n8n.audit.workflow.executed","message":"n8n.audit.workflow.executed","payload":{"userId":"b2cb6c8b-f443-4d16-9483-5bab5d1fe4d0","_email":"anibal.cayetano@gmail.com","_firstName":"anibal","_lastName":"cayetano","globalRole":"global:owner","workflowId":"k6IvHBBQsJxYBBCg","workflowName":"My workflow","executionId":"16","source":"user-manual"}}
{"__type":"$$EventMessageConfirm","confirm":"16ea2389-34d6-4e09-9010-0a61019767b2","ts":"2026-04-16T08:37:02.305-05:00","source":{"id":"0","name":"eventBus"}}
{"__type":"$$EventMessageWorkflow","id":"be5c1c16-cddd-4c05-9633-3ae2c784c200","ts":"2026-04-16T08:37:02.305-05:00","eventName":"n8n.workflow.started","message":"n8n.workflow.started","payload":{"executionId":"16","workflowId":"k6IvHBBQsJxYBBCg","isManual":false,"mode":"manual","workflowName":"My workflow"}}
{"__type":"$$EventMessageConfirm","confirm":"be5c1c16-cddd-4c05-9633-3ae2c784c200","ts":"2026-04-16T08:37:02.305-05:00","source":{"id":"0","name":"eventBus"}}
{"__type":"$$EventMessageNode","id":"74ba0c03-6e81-46ce-8cea-48a452db1851","ts":"2026-04-16T08:37:02.330-05:00","eventName":"n8n.node.started","message":"n8n.node.started","payload":{"workflowId":"k6IvHBBQsJxYBBCg","workflowName":"My workflow","executionId":"16","nodeType":"n8n-nodes-base.emailReadImap","nodeName":"Email Trigger (IMAP)","nodeId":"04c20641-dd3e-45e8-b5f4-1f25f88db1af"}}
{"__type":"$$EventMessageConfirm","confirm":"74ba0c03-6e81-46ce-8cea-48a452db1851","ts":"2026-04-16T08:37:02.330-05:00","source":{"id":"0","name":"eventBus"}}
{"__type":"$$EventMessageWorkflow","id":"455ecc4e-2525-41c4-a3f2-c654c72dde5f","ts":"2026-04-16T08:37:41.412-05:00","eventName":"n8n.workflow.cancelled","message":"n8n.workflow.cancelled","payload":{"executionId":"16","workflowId":"k6IvHBBQsJxYBBCg","workflowName":"My workflow","reason":"manual"}}
{"__type":"$$EventMessageConfirm","confirm":"455ecc4e-2525-41c4-a3f2-c654c72dde5f","ts":"2026-04-16T08:37:41.412-05:00","source":{"id":"0","name":"eventBus"}}
{"__type":"$$EventMessageWorkflow","id":"ce6c269d-64e9-42f2-8c65-fdb1814c907c","ts":"2026-04-16T08:37:41.416-05:00","eventName":"n8n.workflow.failed","message":"n8n.workflow.failed","payload":{"userId":"b2cb6c8b-f443-4d16-9483-5bab5d1fe4d0","executionId":"16","success":false,"isManual":true,"mode":"manual","workflowId":"k6IvHBBQsJxYBBCg","workflowName":"My workflow"}}
{"__type":"$$EventMessageConfirm","confirm":"ce6c269d-64e9-42f2-8c65-fdb1814c907c","ts":"2026-04-16T08:37:41.416-05:00","source":{"id":"0","name":"eventBus"}}
{"__type":"$$EventMessageAudit","id":"80f54ae7-494a-4957-80d0-7e969be526bd","ts":"2026-04-16T08:37:54.582-05:00","eventName":"n8n.audit.workflow.updated","message":"n8n.audit.workflow.updated","payload":{"userId":"b2cb6c8b-f443-4d16-9483-5bab5d1fe4d0","_email":"anibal.cayetano@gmail.com","_firstName":"anibal","_lastName":"cayetano","globalRole":"global:owner","workflowId":"k6IvHBBQsJxYBBCg","workflowName":"My workflow"}}
{"__type":"$$EventMessageConfirm","confirm":"80f54ae7-494a-4957-80d0-7e969be526bd","ts":"2026-04-16T08:37:54.582-05:00","source":{"id":"0","name":"eventBus"}}
{"__type":"$$EventMessageAudit","id":"3d1f9adf-7a4e-44d3-9d47-b967879fbbd5","ts":"2026-04-16T08:37:56.866-05:00","eventName":"n8n.audit.workflow.updated","message":"n8n.audit.workflow.updated","payload":{"userId":"b2cb6c8b-f443-4d16-9483-5bab5d1fe4d0","_email":"anibal.cayetano@gmail.com","_firstName":"anibal","_lastName":"cayetano","globalRole":"global:owner","workflowId":"k6IvHBBQsJxYBBCg","workflowName":"My workflow"}}
{"__type":"$$EventMessageConfirm","confirm":"3d1f9adf-7a4e-44d3-9d47-b967879fbbd5","ts":"2026-04-16T08:37:56.866-05:00","source":{"id":"0","name":"eventBus"}}
{"__type":"$$EventMessageWorkflow","id":"bfb7564a-6efc-4e80-b5d2-2a5d980c8f4c","ts":"2026-04-16T08:44:03.438-05:00","eventName":"n8n.workflow.cancelled","message":"n8n.workflow.cancelled","payload":{"executionId":"13","workflowId":"k6IvHBBQsJxYBBCg","workflowName":"My workflow","reason":"manual"}}
{"__type":"$$EventMessageConfirm","confirm":"bfb7564a-6efc-4e80-b5d2-2a5d980c8f4c","ts":"2026-04-16T08:44:03.438-05:00","source":{"id":"0","name":"eventBus"}}
{"__type":"$$EventMessageWorkflow","id":"05a9f58a-0673-4a8a-ba8f-c3a85fc45b94","ts":"2026-04-16T08:44:03.443-05:00","eventName":"n8n.workflow.failed","message":"n8n.workflow.failed","payload":{"userId":"b2cb6c8b-f443-4d16-9483-5bab5d1fe4d0","executionId":"13","success":false,"isManual":true,"mode":"manual","workflowId":"k6IvHBBQsJxYBBCg","workflowName":"My workflow"}}
{"__type":"$$EventMessageConfirm","confirm":"05a9f58a-0673-4a8a-ba8f-c3a85fc45b94","ts":"2026-04-16T08:44:03.443-05:00","source":{"id":"0","name":"eventBus"}}
{"__type":"$$EventMessageAudit","id":"9dba6287-3266-4a49-9baf-481d1f086a6e","ts":"2026-04-16T08:56:43.126-05:00","eventName":"n8n.audit.workflow.updated","message":"n8n.audit.workflow.updated","payload":{"userId":"b2cb6c8b-f443-4d16-9483-5bab5d1fe4d0","_email":"anibal.cayetano@gmail.com","_firstName":"anibal","_lastName":"cayetano","globalRole":"global:owner","workflowId":"k6IvHBBQsJxYBBCg","workflowName":"My workflow"}}
{"__type":"$$EventMessageConfirm","confirm":"9dba6287-3266-4a49-9baf-481d1f086a6e","ts":"2026-04-16T08:56:43.126-05:00","source":{"id":"0","name":"eventBus"}}
{"__type":"$$EventMessageAudit","id":"bc8ab59c-02dc-46df-acfc-f48b1640509e","ts":"2026-04-16T08:57:08.971-05:00","eventName":"n8n.audit.workflow.updated","message":"n8n.audit.workflow.updated","payload":{"userId":"b2cb6c8b-f443-4d16-9483-5bab5d1fe4d0","_email":"anibal.cayetano@gmail.com","_firstName":"anibal","_lastName":"cayetano","globalRole":"global:owner","workflowId":"k6IvHBBQsJxYBBCg","workflowName":"My workflow"}}
{"__type":"$$EventMessageConfirm","confirm":"bc8ab59c-02dc-46df-acfc-f48b1640509e","ts":"2026-04-16T08:57:08.971-05:00","source":{"id":"0","name":"eventBus"}}
{"__type":"$$EventMessageAudit","id":"61d1a667-501e-4f35-a275-61364e9c2ce3","ts":"2026-04-16T08:58:52.522-05:00","eventName":"n8n.audit.workflow.updated","message":"n8n.audit.workflow.updated","payload":{"userId":"b2cb6c8b-f443-4d16-9483-5bab5d1fe4d0","_email":"anibal.cayetano@gmail.com","_firstName":"anibal","_lastName":"cayetano","globalRole":"global:owner","workflowId":"k6IvHBBQsJxYBBCg","workflowName":"My workflow"}}
{"__type":"$$EventMessageConfirm","confirm":"61d1a667-501e-4f35-a275-61364e9c2ce3","ts":"2026-04-16T08:58:52.522-05:00","source":{"id":"0","name":"eventBus"}}
{"__type":"$$EventMessageAudit","id":"9ab83f2b-1cdb-41bf-a424-57b320535ca5","ts":"2026-04-16T08:59:13.052-05:00","eventName":"n8n.audit.workflow.updated","message":"n8n.audit.workflow.updated","payload":{"userId":"b2cb6c8b-f443-4d16-9483-5bab5d1fe4d0","_email":"anibal.cayetano@gmail.com","_firstName":"anibal","_lastName":"cayetano","globalRole":"global:owner","workflowId":"k6IvHBBQsJxYBBCg","workflowName":"My workflow"}}
{"__type":"$$EventMessageConfirm","confirm":"9ab83f2b-1cdb-41bf-a424-57b320535ca5","ts":"2026-04-16T08:59:13.052-05:00","source":{"id":"0","name":"eventBus"}}
{"__type":"$$EventMessageAudit","id":"fe02467e-1753-49b9-b4d9-a61271c562e3","ts":"2026-04-16T09:26:24.549-05:00","eventName":"n8n.audit.workflow.updated","message":"n8n.audit.workflow.updated","payload":{"userId":"b2cb6c8b-f443-4d16-9483-5bab5d1fe4d0","_email":"anibal.cayetano@gmail.com","_firstName":"anibal","_lastName":"cayetano","globalRole":"global:owner","workflowId":"k6IvHBBQsJxYBBCg","workflowName":"My workflow"}}
{"__type":"$$EventMessageConfirm","confirm":"fe02467e-1753-49b9-b4d9-a61271c562e3","ts":"2026-04-16T09:26:24.549-05:00","source":{"id":"0","name":"eventBus"}}
{"__type":"$$EventMessageNode","id":"ac393419-91d6-4e50-be3f-8265f326fb56","ts":"2026-04-16T09:36:55.198-05:00","eventName":"n8n.node.finished","message":"n8n.node.finished","payload":{"workflowId":"k6IvHBBQsJxYBBCg","workflowName":"My workflow","executionId":"14","nodeType":"n8n-nodes-base.emailReadImap","nodeName":"Email Trigger (IMAP)","nodeId":"04c20641-dd3e-45e8-b5f4-1f25f88db1af"}}
{"__type":"$$EventMessageConfirm","confirm":"ac393419-91d6-4e50-be3f-8265f326fb56","ts":"2026-04-16T09:36:55.198-05:00","source":{"id":"0","name":"eventBus"}}
{"__type":"$$EventMessageAudit","id":"0e870b2a-f796-47e1-9006-61a717e428d5","ts":"2026-04-16T09:36:57.671-05:00","eventName":"n8n.audit.workflow.executed","message":"n8n.audit.workflow.executed","payload":{"userId":"b2cb6c8b-f443-4d16-9483-5bab5d1fe4d0","_email":"anibal.cayetano@gmail.com","_firstName":"anibal","_lastName":"cayetano","globalRole":"global:owner","workflowId":"k6IvHBBQsJxYBBCg","workflowName":"My workflow","executionId":"17","source":"user-manual"}}
{"__type":"$$EventMessageConfirm","confirm":"0e870b2a-f796-47e1-9006-61a717e428d5","ts":"2026-04-16T09:36:57.671-05:00","source":{"id":"0","name":"eventBus"}}
{"__type":"$$EventMessageWorkflow","id":"26832058-c9ca-40e8-8b25-f0ae5c51e24c","ts":"2026-04-16T09:36:57.671-05:00","eventName":"n8n.workflow.started","message":"n8n.workflow.started","payload":{"executionId":"17","workflowId":"k6IvHBBQsJxYBBCg","isManual":false,"mode":"manual","workflowName":"My workflow"}}
{"__type":"$$EventMessageConfirm","confirm":"26832058-c9ca-40e8-8b25-f0ae5c51e24c","ts":"2026-04-16T09:36:57.671-05:00","source":{"id":"0","name":"eventBus"}}
{"__type":"$$EventMessageNode","id":"21a01050-3000-45d5-b865-c597b1355e87","ts":"2026-04-16T09:36:57.697-05:00","eventName":"n8n.node.started","message":"n8n.node.started","payload":{"workflowId":"k6IvHBBQsJxYBBCg","workflowName":"My workflow","executionId":"17","nodeType":"n8n-nodes-base.emailReadImap","nodeName":"Email Trigger (IMAP)","nodeId":"04c20641-dd3e-45e8-b5f4-1f25f88db1af"}}
{"__type":"$$EventMessageConfirm","confirm":"21a01050-3000-45d5-b865-c597b1355e87","ts":"2026-04-16T09:36:57.697-05:00","source":{"id":"0","name":"eventBus"}}
{"__type":"$$EventMessageNode","id":"30f46f56-8695-4e2e-a72a-ee785ebd6cb5","ts":"2026-04-16T09:37:01.698-05:00","eventName":"n8n.node.finished","message":"n8n.node.finished","payload":{"workflowId":"k6IvHBBQsJxYBBCg","workflowName":"My workflow","executionId":"17","nodeType":"n8n-nodes-base.emailReadImap","nodeName":"Email Trigger (IMAP)","nodeId":"04c20641-dd3e-45e8-b5f4-1f25f88db1af"}}
{"__type":"$$EventMessageConfirm","confirm":"30f46f56-8695-4e2e-a72a-ee785ebd6cb5","ts":"2026-04-16T09:37:01.698-05:00","source":{"id":"0","name":"eventBus"}}
{"__type":"$$EventMessageNode","id":"a71a594d-1ac9-4217-99c9-ee4f80e8d5c0","ts":"2026-04-16T09:37:01.700-05:00","eventName":"n8n.node.started","message":"n8n.node.started","payload":{"workflowId":"k6IvHBBQsJxYBBCg","workflowName":"My workflow","executionId":"17","nodeType":"n8n-nodes-base.code","nodeName":"Code in JavaScript","nodeId":"1e3d7561-42b3-4f40-86bd-20d4d0b044b1"}}
{"__type":"$$EventMessageConfirm","confirm":"a71a594d-1ac9-4217-99c9-ee4f80e8d5c0","ts":"2026-04-16T09:37:01.700-05:00","source":{"id":"0","name":"eventBus"}}
{"__type":"$$EventMessageRunner","id":"c15a4aa8-ed9e-4920-9a95-ecdd7abd4b33","ts":"2026-04-16T09:37:01.750-05:00","eventName":"n8n.runner.task.requested","message":"n8n.runner.task.requested","payload":{"taskId":"JNa02m6w","nodeId":"1e3d7561-42b3-4f40-86bd-20d4d0b044b1","workflowId":"k6IvHBBQsJxYBBCg","executionId":"17"}}
{"__type":"$$EventMessageConfirm","confirm":"c15a4aa8-ed9e-4920-9a95-ecdd7abd4b33","ts":"2026-04-16T09:37:01.750-05:00","source":{"id":"0","name":"eventBus"}}
{"__type":"$$EventMessageRunner","id":"983dbcb3-ba35-4e16-8da8-f7ac5b7abe65","ts":"2026-04-16T09:37:02.142-05:00","eventName":"n8n.runner.response.received","message":"n8n.runner.response.received","payload":{"taskId":"JNa02m6w","nodeId":"1e3d7561-42b3-4f40-86bd-20d4d0b044b1","workflowId":"k6IvHBBQsJxYBBCg","executionId":"17"}}
{"__type":"$$EventMessageConfirm","confirm":"983dbcb3-ba35-4e16-8da8-f7ac5b7abe65","ts":"2026-04-16T09:37:02.142-05:00","source":{"id":"0","name":"eventBus"}}
{"__type":"$$EventMessageNode","id":"245e1554-c495-48f2-87f8-e4f7874be847","ts":"2026-04-16T09:37:02.143-05:00","eventName":"n8n.node.finished","message":"n8n.node.finished","payload":{"workflowId":"k6IvHBBQsJxYBBCg","workflowName":"My workflow","executionId":"17","nodeType":"n8n-nodes-base.code","nodeName":"Code in JavaScript","nodeId":"1e3d7561-42b3-4f40-86bd-20d4d0b044b1"}}
{"__type":"$$EventMessageConfirm","confirm":"245e1554-c495-48f2-87f8-e4f7874be847","ts":"2026-04-16T09:37:02.144-05:00","source":{"id":"0","name":"eventBus"}}
{"__type":"$$EventMessageNode","id":"0ac745db-9cff-4e84-ab1c-0ed45222026e","ts":"2026-04-16T09:37:02.145-05:00","eventName":"n8n.node.started","message":"n8n.node.started","payload":{"workflowId":"k6IvHBBQsJxYBBCg","workflowName":"My workflow","executionId":"17","nodeType":"n8n-nodes-base.readWriteFile","nodeName":"Read/Write Files from Disk","nodeId":"2c99bf53-8711-4c53-b87b-a7e4703d6518"}}
{"__type":"$$EventMessageConfirm","confirm":"0ac745db-9cff-4e84-ab1c-0ed45222026e","ts":"2026-04-16T09:37:02.145-05:00","source":{"id":"0","name":"eventBus"}}
{"__type":"$$EventMessageNode","id":"61026711-113e-44e5-9f46-2336e1c56708","ts":"2026-04-16T09:37:02.206-05:00","eventName":"n8n.node.finished","message":"n8n.node.finished","payload":{"workflowId":"k6IvHBBQsJxYBBCg","workflowName":"My workflow","executionId":"17","nodeType":"n8n-nodes-base.readWriteFile","nodeName":"Read/Write Files from Disk","nodeId":"2c99bf53-8711-4c53-b87b-a7e4703d6518"}}
{"__type":"$$EventMessageConfirm","confirm":"61026711-113e-44e5-9f46-2336e1c56708","ts":"2026-04-16T09:37:02.206-05:00","source":{"id":"0","name":"eventBus"}}
{"__type":"$$EventMessageWorkflow","id":"d4e6148b-d095-4762-aaae-8f380d754d55","ts":"2026-04-16T09:37:02.439-05:00","eventName":"n8n.workflow.failed","message":"n8n.workflow.failed","payload":{"userId":"b2cb6c8b-f443-4d16-9483-5bab5d1fe4d0","executionId":"17","success":false,"isManual":true,"mode":"manual","workflowId":"k6IvHBBQsJxYBBCg","workflowName":"My workflow","lastNodeExecuted":"Read/Write Files from Disk","errorNodeType":"n8n-nodes-base.readWriteFile","errorMessage":"The item has no binary field '{{$json.binaryField}}' [item 0]"}}
{"__type":"$$EventMessageConfirm","confirm":"d4e6148b-d095-4762-aaae-8f380d754d55","ts":"2026-04-16T09:37:02.439-05:00","source":{"id":"0","name":"eventBus"}}
{"__type":"$$EventMessageAudit","id":"e91cbb7c-7522-4dfb-850d-e497c6d38fff","ts":"2026-04-16T09:41:54.848-05:00","eventName":"n8n.audit.workflow.updated","message":"n8n.audit.workflow.updated","payload":{"userId":"b2cb6c8b-f443-4d16-9483-5bab5d1fe4d0","_email":"anibal.cayetano@gmail.com","_firstName":"anibal","_lastName":"cayetano","globalRole":"global:owner","workflowId":"k6IvHBBQsJxYBBCg","workflowName":"My workflow"}}
{"__type":"$$EventMessageConfirm","confirm":"e91cbb7c-7522-4dfb-850d-e497c6d38fff","ts":"2026-04-16T09:41:54.848-05:00","source":{"id":"0","name":"eventBus"}}
{"__type":"$$EventMessageAudit","id":"628e701c-9d57-4e77-b171-2d407ef8297f","ts":"2026-04-16T09:43:19.613-05:00","eventName":"n8n.audit.workflow.updated","message":"n8n.audit.workflow.updated","payload":{"userId":"b2cb6c8b-f443-4d16-9483-5bab5d1fe4d0","_email":"anibal.cayetano@gmail.com","_firstName":"anibal","_lastName":"cayetano","globalRole":"global:owner","workflowId":"k6IvHBBQsJxYBBCg","workflowName":"My workflow"}}
{"__type":"$$EventMessageConfirm","confirm":"628e701c-9d57-4e77-b171-2d407ef8297f","ts":"2026-04-16T09:43:19.613-05:00","source":{"id":"0","name":"eventBus"}}
{"__type":"$$EventMessageAudit","id":"af937788-fd71-4afe-b42f-ba23e4dee40b","ts":"2026-04-16T09:44:15.951-05:00","eventName":"n8n.audit.workflow.updated","message":"n8n.audit.workflow.updated","payload":{"userId":"b2cb6c8b-f443-4d16-9483-5bab5d1fe4d0","_email":"anibal.cayetano@gmail.com","_firstName":"anibal","_lastName":"cayetano","globalRole":"global:owner","workflowId":"k6IvHBBQsJxYBBCg","workflowName":"My workflow"}}
{"__type":"$$EventMessageConfirm","confirm":"af937788-fd71-4afe-b42f-ba23e4dee40b","ts":"2026-04-16T09:44:15.952-05:00","source":{"id":"0","name":"eventBus"}}
{"__type":"$$EventMessageAudit","id":"3a569fef-8ff1-4e4a-aeb1-ef63e8bc9dd9","ts":"2026-04-16T09:45:40.610-05:00","eventName":"n8n.audit.workflow.executed","message":"n8n.audit.workflow.executed","payload":{"userId":"b2cb6c8b-f443-4d16-9483-5bab5d1fe4d0","_email":"anibal.cayetano@gmail.com","_firstName":"anibal","_lastName":"cayetano","globalRole":"global:owner","workflowId":"k6IvHBBQsJxYBBCg","workflowName":"My workflow","executionId":"18","source":"user-manual"}}
{"__type":"$$EventMessageConfirm","confirm":"3a569fef-8ff1-4e4a-aeb1-ef63e8bc9dd9","ts":"2026-04-16T09:45:40.610-05:00","source":{"id":"0","name":"eventBus"}}
{"__type":"$$EventMessageWorkflow","id":"0dedeffd-1c5a-437b-bcf4-0fad6a15863e","ts":"2026-04-16T09:45:40.610-05:00","eventName":"n8n.workflow.started","message":"n8n.workflow.started","payload":{"executionId":"18","workflowId":"k6IvHBBQsJxYBBCg","isManual":false,"mode":"manual","workflowName":"My workflow"}}
{"__type":"$$EventMessageConfirm","confirm":"0dedeffd-1c5a-437b-bcf4-0fad6a15863e","ts":"2026-04-16T09:45:40.610-05:00","source":{"id":"0","name":"eventBus"}}
{"__type":"$$EventMessageNode","id":"8746f6e3-ffcb-48a3-9c02-88c75514cd2a","ts":"2026-04-16T09:45:40.631-05:00","eventName":"n8n.node.started","message":"n8n.node.started","payload":{"workflowId":"k6IvHBBQsJxYBBCg","workflowName":"My workflow","executionId":"18","nodeType":"n8n-nodes-base.code","nodeName":"Code in JavaScript","nodeId":"1e3d7561-42b3-4f40-86bd-20d4d0b044b1"}}
{"__type":"$$EventMessageConfirm","confirm":"8746f6e3-ffcb-48a3-9c02-88c75514cd2a","ts":"2026-04-16T09:45:40.631-05:00","source":{"id":"0","name":"eventBus"}}
{"__type":"$$EventMessageRunner","id":"05619c79-18ab-45ce-ba1d-2935e43cfbe1","ts":"2026-04-16T09:45:40.637-05:00","eventName":"n8n.runner.task.requested","message":"n8n.runner.task.requested","payload":{"taskId":"TX8NnH_J","nodeId":"1e3d7561-42b3-4f40-86bd-20d4d0b044b1","workflowId":"k6IvHBBQsJxYBBCg","executionId":"18"}}
{"__type":"$$EventMessageConfirm","confirm":"05619c79-18ab-45ce-ba1d-2935e43cfbe1","ts":"2026-04-16T09:45:40.637-05:00","source":{"id":"0","name":"eventBus"}}
{"__type":"$$EventMessageRunner","id":"8f1353eb-ee16-487b-b0ab-c67662d90a88","ts":"2026-04-16T09:45:40.691-05:00","eventName":"n8n.runner.response.received","message":"n8n.runner.response.received","payload":{"taskId":"TX8NnH_J","nodeId":"1e3d7561-42b3-4f40-86bd-20d4d0b044b1","workflowId":"k6IvHBBQsJxYBBCg","executionId":"18"}}
{"__type":"$$EventMessageConfirm","confirm":"8f1353eb-ee16-487b-b0ab-c67662d90a88","ts":"2026-04-16T09:45:40.691-05:00","source":{"id":"0","name":"eventBus"}}
{"__type":"$$EventMessageNode","id":"3b8efb9a-36de-43bb-acc7-19f5cc1f40fb","ts":"2026-04-16T09:45:40.691-05:00","eventName":"n8n.node.finished","message":"n8n.node.finished","payload":{"workflowId":"k6IvHBBQsJxYBBCg","workflowName":"My workflow","executionId":"18","nodeType":"n8n-nodes-base.code","nodeName":"Code in JavaScript","nodeId":"1e3d7561-42b3-4f40-86bd-20d4d0b044b1"}}
{"__type":"$$EventMessageConfirm","confirm":"3b8efb9a-36de-43bb-acc7-19f5cc1f40fb","ts":"2026-04-16T09:45:40.691-05:00","source":{"id":"0","name":"eventBus"}}
{"__type":"$$EventMessageWorkflow","id":"9c2a3f19-af78-4847-af17-7d92028e9676","ts":"2026-04-16T09:45:40.693-05:00","eventName":"n8n.workflow.success","message":"n8n.workflow.success","payload":{"userId":"b2cb6c8b-f443-4d16-9483-5bab5d1fe4d0","executionId":"18","success":true,"isManual":true,"mode":"manual","workflowId":"k6IvHBBQsJxYBBCg","workflowName":"My workflow"}}
{"__type":"$$EventMessageConfirm","confirm":"9c2a3f19-af78-4847-af17-7d92028e9676","ts":"2026-04-16T09:45:40.693-05:00","source":{"id":"0","name":"eventBus"}}
{"__type":"$$EventMessageAudit","id":"2d1c05fa-aab8-4c98-b1cd-f09c584bcf1a","ts":"2026-04-16T09:46:11.323-05:00","eventName":"n8n.audit.workflow.executed","message":"n8n.audit.workflow.executed","payload":{"userId":"b2cb6c8b-f443-4d16-9483-5bab5d1fe4d0","_email":"anibal.cayetano@gmail.com","_firstName":"anibal","_lastName":"cayetano","globalRole":"global:owner","workflowId":"k6IvHBBQsJxYBBCg","workflowName":"My workflow","executionId":"19","source":"user-manual"}}
{"__type":"$$EventMessageConfirm","confirm":"2d1c05fa-aab8-4c98-b1cd-f09c584bcf1a","ts":"2026-04-16T09:46:11.323-05:00","source":{"id":"0","name":"eventBus"}}
{"__type":"$$EventMessageWorkflow","id":"126383cc-8f39-41a0-adf7-b28818ee320b","ts":"2026-04-16T09:46:11.323-05:00","eventName":"n8n.workflow.started","message":"n8n.workflow.started","payload":{"executionId":"19","workflowId":"k6IvHBBQsJxYBBCg","isManual":false,"mode":"manual","workflowName":"My workflow"}}
{"__type":"$$EventMessageConfirm","confirm":"126383cc-8f39-41a0-adf7-b28818ee320b","ts":"2026-04-16T09:46:11.324-05:00","source":{"id":"0","name":"eventBus"}}
{"__type":"$$EventMessageNode","id":"79839e50-4e3d-49a4-9799-d0cd79032c9a","ts":"2026-04-16T09:46:11.347-05:00","eventName":"n8n.node.started","message":"n8n.node.started","payload":{"workflowId":"k6IvHBBQsJxYBBCg","workflowName":"My workflow","executionId":"19","nodeType":"n8n-nodes-base.readWriteFile","nodeName":"Read/Write Files from Disk","nodeId":"2c99bf53-8711-4c53-b87b-a7e4703d6518"}}
{"__type":"$$EventMessageConfirm","confirm":"79839e50-4e3d-49a4-9799-d0cd79032c9a","ts":"2026-04-16T09:46:11.348-05:00","source":{"id":"0","name":"eventBus"}}
{"__type":"$$EventMessageNode","id":"462f4a86-036c-4514-8996-da57aef14926","ts":"2026-04-16T09:46:11.386-05:00","eventName":"n8n.node.finished","message":"n8n.node.finished","payload":{"workflowId":"k6IvHBBQsJxYBBCg","workflowName":"My workflow","executionId":"19","nodeType":"n8n-nodes-base.readWriteFile","nodeName":"Read/Write Files from Disk","nodeId":"2c99bf53-8711-4c53-b87b-a7e4703d6518"}}
{"__type":"$$EventMessageConfirm","confirm":"462f4a86-036c-4514-8996-da57aef14926","ts":"2026-04-16T09:46:11.386-05:00","source":{"id":"0","name":"eventBus"}}
{"__type":"$$EventMessageWorkflow","id":"f666d927-5bd6-4fa1-8b7a-4c7d811cc5b1","ts":"2026-04-16T09:46:11.388-05:00","eventName":"n8n.workflow.success","message":"n8n.workflow.success","payload":{"userId":"b2cb6c8b-f443-4d16-9483-5bab5d1fe4d0","executionId":"19","success":true,"isManual":true,"mode":"manual","workflowId":"k6IvHBBQsJxYBBCg","workflowName":"My workflow"}}
{"__type":"$$EventMessageConfirm","confirm":"f666d927-5bd6-4fa1-8b7a-4c7d811cc5b1","ts":"2026-04-16T09:46:11.389-05:00","source":{"id":"0","name":"eventBus"}}
{"__type":"$$EventMessageAudit","id":"2ca13b89-918f-4e35-bbf7-5bcd783d3c0a","ts":"2026-04-16T09:49:50.079-05:00","eventName":"n8n.audit.workflow.updated","message":"n8n.audit.workflow.updated","payload":{"userId":"b2cb6c8b-f443-4d16-9483-5bab5d1fe4d0","_email":"anibal.cayetano@gmail.com","_firstName":"anibal","_lastName":"cayetano","globalRole":"global:owner","workflowId":"k6IvHBBQsJxYBBCg","workflowName":"My workflow"}}
{"__type":"$$EventMessageConfirm","confirm":"2ca13b89-918f-4e35-bbf7-5bcd783d3c0a","ts":"2026-04-16T09:49:50.079-05:00","source":{"id":"0","name":"eventBus"}}
{"__type":"$$EventMessageAudit","id":"3d48eb55-af39-48ea-9651-bd2ebbc49dd4","ts":"2026-04-16T09:50:16.016-05:00","eventName":"n8n.audit.workflow.updated","message":"n8n.audit.workflow.updated","payload":{"userId":"b2cb6c8b-f443-4d16-9483-5bab5d1fe4d0","_email":"anibal.cayetano@gmail.com","_firstName":"anibal","_lastName":"cayetano","globalRole":"global:owner","workflowId":"k6IvHBBQsJxYBBCg","workflowName":"My workflow"}}
{"__type":"$$EventMessageConfirm","confirm":"3d48eb55-af39-48ea-9651-bd2ebbc49dd4","ts":"2026-04-16T09:50:16.016-05:00","source":{"id":"0","name":"eventBus"}}
{"__type":"$$EventMessageAudit","id":"4b0a53b6-80e4-4494-903b-3cd4430365c8","ts":"2026-04-16T09:50:28.091-05:00","eventName":"n8n.audit.workflow.executed","message":"n8n.audit.workflow.executed","payload":{"userId":"b2cb6c8b-f443-4d16-9483-5bab5d1fe4d0","_email":"anibal.cayetano@gmail.com","_firstName":"anibal","_lastName":"cayetano","globalRole":"global:owner","workflowId":"k6IvHBBQsJxYBBCg","workflowName":"My workflow","executionId":"20","source":"user-manual"}}
{"__type":"$$EventMessageConfirm","confirm":"4b0a53b6-80e4-4494-903b-3cd4430365c8","ts":"2026-04-16T09:50:28.091-05:00","source":{"id":"0","name":"eventBus"}}
{"__type":"$$EventMessageWorkflow","id":"53f3ddaf-8b7d-4747-aaaa-5ad3bfe6e6b9","ts":"2026-04-16T09:50:28.091-05:00","eventName":"n8n.workflow.started","message":"n8n.workflow.started","payload":{"executionId":"20","workflowId":"k6IvHBBQsJxYBBCg","isManual":false,"mode":"manual","workflowName":"My workflow"}}
{"__type":"$$EventMessageConfirm","confirm":"53f3ddaf-8b7d-4747-aaaa-5ad3bfe6e6b9","ts":"2026-04-16T09:50:28.091-05:00","source":{"id":"0","name":"eventBus"}}
{"__type":"$$EventMessageNode","id":"d79e77d7-54db-478b-b47c-c5e7780b0a74","ts":"2026-04-16T09:50:28.114-05:00","eventName":"n8n.node.started","message":"n8n.node.started","payload":{"workflowId":"k6IvHBBQsJxYBBCg","workflowName":"My workflow","executionId":"20","nodeType":"n8n-nodes-base.code","nodeName":"Code in JavaScript","nodeId":"1e3d7561-42b3-4f40-86bd-20d4d0b044b1"}}
{"__type":"$$EventMessageConfirm","confirm":"d79e77d7-54db-478b-b47c-c5e7780b0a74","ts":"2026-04-16T09:50:28.114-05:00","source":{"id":"0","name":"eventBus"}}
{"__type":"$$EventMessageRunner","id":"29495432-d2f8-4861-bf2f-3a9d49d66d57","ts":"2026-04-16T09:50:28.117-05:00","eventName":"n8n.runner.task.requested","message":"n8n.runner.task.requested","payload":{"taskId":"koj_7fiH","nodeId":"1e3d7561-42b3-4f40-86bd-20d4d0b044b1","workflowId":"k6IvHBBQsJxYBBCg","executionId":"20"}}
{"__type":"$$EventMessageConfirm","confirm":"29495432-d2f8-4861-bf2f-3a9d49d66d57","ts":"2026-04-16T09:50:28.117-05:00","source":{"id":"0","name":"eventBus"}}
{"__type":"$$EventMessageRunner","id":"812e0347-794b-4b20-8d49-6ba486cb289a","ts":"2026-04-16T09:50:28.130-05:00","eventName":"n8n.runner.response.received","message":"n8n.runner.response.received","payload":{"taskId":"koj_7fiH","nodeId":"1e3d7561-42b3-4f40-86bd-20d4d0b044b1","workflowId":"k6IvHBBQsJxYBBCg","executionId":"20"}}
{"__type":"$$EventMessageConfirm","confirm":"812e0347-794b-4b20-8d49-6ba486cb289a","ts":"2026-04-16T09:50:28.130-05:00","source":{"id":"0","name":"eventBus"}}
{"__type":"$$EventMessageNode","id":"dee68d5d-6b77-4cce-b6c3-d27c12b53d8e","ts":"2026-04-16T09:50:28.130-05:00","eventName":"n8n.node.finished","message":"n8n.node.finished","payload":{"workflowId":"k6IvHBBQsJxYBBCg","workflowName":"My workflow","executionId":"20","nodeType":"n8n-nodes-base.code","nodeName":"Code in JavaScript","nodeId":"1e3d7561-42b3-4f40-86bd-20d4d0b044b1"}}
{"__type":"$$EventMessageConfirm","confirm":"dee68d5d-6b77-4cce-b6c3-d27c12b53d8e","ts":"2026-04-16T09:50:28.131-05:00","source":{"id":"0","name":"eventBus"}}
{"__type":"$$EventMessageWorkflow","id":"580f8e89-aed4-4788-8779-49971f82980b","ts":"2026-04-16T09:50:28.132-05:00","eventName":"n8n.workflow.success","message":"n8n.workflow.success","payload":{"userId":"b2cb6c8b-f443-4d16-9483-5bab5d1fe4d0","executionId":"20","success":true,"isManual":true,"mode":"manual","workflowId":"k6IvHBBQsJxYBBCg","workflowName":"My workflow"}}
{"__type":"$$EventMessageConfirm","confirm":"580f8e89-aed4-4788-8779-49971f82980b","ts":"2026-04-16T09:50:28.133-05:00","source":{"id":"0","name":"eventBus"}}
{"__type":"$$EventMessageAudit","id":"9b571216-a809-45f2-a792-7eb6ca6ef8c4","ts":"2026-04-16T09:51:09.285-05:00","eventName":"n8n.audit.workflow.executed","message":"n8n.audit.workflow.executed","payload":{"userId":"b2cb6c8b-f443-4d16-9483-5bab5d1fe4d0","_email":"anibal.cayetano@gmail.com","_firstName":"anibal","_lastName":"cayetano","globalRole":"global:owner","workflowId":"k6IvHBBQsJxYBBCg","workflowName":"My workflow","executionId":"21","source":"user-manual"}}
{"__type":"$$EventMessageConfirm","confirm":"9b571216-a809-45f2-a792-7eb6ca6ef8c4","ts":"2026-04-16T09:51:09.285-05:00","source":{"id":"0","name":"eventBus"}}
{"__type":"$$EventMessageWorkflow","id":"a70250a8-1a57-4db4-8353-30ce97344878","ts":"2026-04-16T09:51:09.285-05:00","eventName":"n8n.workflow.started","message":"n8n.workflow.started","payload":{"executionId":"21","workflowId":"k6IvHBBQsJxYBBCg","isManual":false,"mode":"manual","workflowName":"My workflow"}}
{"__type":"$$EventMessageConfirm","confirm":"a70250a8-1a57-4db4-8353-30ce97344878","ts":"2026-04-16T09:51:09.285-05:00","source":{"id":"0","name":"eventBus"}}
{"__type":"$$EventMessageNode","id":"327b0b30-d179-4d01-8fab-a53c181f4a3c","ts":"2026-04-16T09:51:09.304-05:00","eventName":"n8n.node.started","message":"n8n.node.started","payload":{"workflowId":"k6IvHBBQsJxYBBCg","workflowName":"My workflow","executionId":"21","nodeType":"n8n-nodes-base.readWriteFile","nodeName":"Read/Write Files from Disk","nodeId":"2c99bf53-8711-4c53-b87b-a7e4703d6518"}}
{"__type":"$$EventMessageConfirm","confirm":"327b0b30-d179-4d01-8fab-a53c181f4a3c","ts":"2026-04-16T09:51:09.304-05:00","source":{"id":"0","name":"eventBus"}}
{"__type":"$$EventMessageNode","id":"b1c51f0e-ee19-45d3-846f-9f32b324d1ba","ts":"2026-04-16T09:51:09.308-05:00","eventName":"n8n.node.finished","message":"n8n.node.finished","payload":{"workflowId":"k6IvHBBQsJxYBBCg","workflowName":"My workflow","executionId":"21","nodeType":"n8n-nodes-base.readWriteFile","nodeName":"Read/Write Files from Disk","nodeId":"2c99bf53-8711-4c53-b87b-a7e4703d6518"}}
{"__type":"$$EventMessageConfirm","confirm":"b1c51f0e-ee19-45d3-846f-9f32b324d1ba","ts":"2026-04-16T09:51:09.308-05:00","source":{"id":"0","name":"eventBus"}}
{"__type":"$$EventMessageWorkflow","id":"1bc4d2a2-bd07-45c0-a72d-841c631788d5","ts":"2026-04-16T09:51:09.310-05:00","eventName":"n8n.workflow.failed","message":"n8n.workflow.failed","payload":{"userId":"b2cb6c8b-f443-4d16-9483-5bab5d1fe4d0","executionId":"21","success":false,"isManual":true,"mode":"manual","workflowId":"k6IvHBBQsJxYBBCg","workflowName":"My workflow","lastNodeExecuted":"Read/Write Files from Disk","errorNodeType":"n8n-nodes-base.readWriteFile","errorMessage":"The item has no binary field '{{$json.binaryField}}' [item 0]"}}
{"__type":"$$EventMessageConfirm","confirm":"1bc4d2a2-bd07-45c0-a72d-841c631788d5","ts":"2026-04-16T09:51:09.310-05:00","source":{"id":"0","name":"eventBus"}}
{"__type":"$$EventMessageAudit","id":"d9fb3b16-6003-4bd4-ba48-a4ef3b84198f","ts":"2026-04-16T10:07:22.579-05:00","eventName":"n8n.audit.workflow.updated","message":"n8n.audit.workflow.updated","payload":{"userId":"b2cb6c8b-f443-4d16-9483-5bab5d1fe4d0","_email":"anibal.cayetano@gmail.com","_firstName":"anibal","_lastName":"cayetano","globalRole":"global:owner","workflowId":"k6IvHBBQsJxYBBCg","workflowName":"My workflow"}}
{"__type":"$$EventMessageConfirm","confirm":"d9fb3b16-6003-4bd4-ba48-a4ef3b84198f","ts":"2026-04-16T10:07:22.579-05:00","source":{"id":"0","name":"eventBus"}}
{"__type":"$$EventMessageAudit","id":"71672f62-99af-4497-aea2-db5a21ebfed2","ts":"2026-04-16T10:08:59.677-05:00","eventName":"n8n.audit.workflow.updated","message":"n8n.audit.workflow.updated","payload":{"userId":"b2cb6c8b-f443-4d16-9483-5bab5d1fe4d0","_email":"anibal.cayetano@gmail.com","_firstName":"anibal","_lastName":"cayetano","globalRole":"global:owner","workflowId":"k6IvHBBQsJxYBBCg","workflowName":"My workflow"}}
{"__type":"$$EventMessageConfirm","confirm":"71672f62-99af-4497-aea2-db5a21ebfed2","ts":"2026-04-16T10:08:59.678-05:00","source":{"id":"0","name":"eventBus"}}
{"__type":"$$EventMessageAudit","id":"ef2478c0-1d89-490e-b36f-500d442840be","ts":"2026-04-16T10:09:10.577-05:00","eventName":"n8n.audit.workflow.executed","message":"n8n.audit.workflow.executed","payload":{"userId":"b2cb6c8b-f443-4d16-9483-5bab5d1fe4d0","_email":"anibal.cayetano@gmail.com","_firstName":"anibal","_lastName":"cayetano","globalRole":"global:owner","workflowId":"k6IvHBBQsJxYBBCg","workflowName":"My workflow","executionId":"22","source":"user-manual"}}
{"__type":"$$EventMessageConfirm","confirm":"ef2478c0-1d89-490e-b36f-500d442840be","ts":"2026-04-16T10:09:10.577-05:00","source":{"id":"0","name":"eventBus"}}
{"__type":"$$EventMessageWorkflow","id":"b1689b6f-c3c3-488c-825d-e4bed6966cf5","ts":"2026-04-16T10:09:10.577-05:00","eventName":"n8n.workflow.started","message":"n8n.workflow.started","payload":{"executionId":"22","workflowId":"k6IvHBBQsJxYBBCg","isManual":false,"mode":"manual","workflowName":"My workflow"}}
{"__type":"$$EventMessageConfirm","confirm":"b1689b6f-c3c3-488c-825d-e4bed6966cf5","ts":"2026-04-16T10:09:10.578-05:00","source":{"id":"0","name":"eventBus"}}
{"__type":"$$EventMessageNode","id":"78fa424d-681c-49f9-8a93-d06cfd1989c0","ts":"2026-04-16T10:09:10.615-05:00","eventName":"n8n.node.started","message":"n8n.node.started","payload":{"workflowId":"k6IvHBBQsJxYBBCg","workflowName":"My workflow","executionId":"22","nodeType":"n8n-nodes-base.code","nodeName":"Code in JavaScript","nodeId":"1e3d7561-42b3-4f40-86bd-20d4d0b044b1"}}
{"__type":"$$EventMessageConfirm","confirm":"78fa424d-681c-49f9-8a93-d06cfd1989c0","ts":"2026-04-16T10:09:10.616-05:00","source":{"id":"0","name":"eventBus"}}
{"__type":"$$EventMessageRunner","id":"005682ae-36a7-4352-8309-fdb5098ba64f","ts":"2026-04-16T10:09:10.624-05:00","eventName":"n8n.runner.task.requested","message":"n8n.runner.task.requested","payload":{"taskId":"DvcIds4a","nodeId":"1e3d7561-42b3-4f40-86bd-20d4d0b044b1","workflowId":"k6IvHBBQsJxYBBCg","executionId":"22"}}
{"__type":"$$EventMessageConfirm","confirm":"005682ae-36a7-4352-8309-fdb5098ba64f","ts":"2026-04-16T10:09:10.624-05:00","source":{"id":"0","name":"eventBus"}}
{"__type":"$$EventMessageRunner","id":"71a73da6-a8ad-4cf5-9545-e52298f9a1f6","ts":"2026-04-16T10:09:10.644-05:00","eventName":"n8n.runner.response.received","message":"n8n.runner.response.received","payload":{"taskId":"DvcIds4a","nodeId":"1e3d7561-42b3-4f40-86bd-20d4d0b044b1","workflowId":"k6IvHBBQsJxYBBCg","executionId":"22"}}
{"__type":"$$EventMessageConfirm","confirm":"71a73da6-a8ad-4cf5-9545-e52298f9a1f6","ts":"2026-04-16T10:09:10.644-05:00","source":{"id":"0","name":"eventBus"}}
{"__type":"$$EventMessageNode","id":"46e7a3b5-8d7b-4994-8dab-c9a95f0af94d","ts":"2026-04-16T10:09:10.644-05:00","eventName":"n8n.node.finished","message":"n8n.node.finished","payload":{"workflowId":"k6IvHBBQsJxYBBCg","workflowName":"My workflow","executionId":"22","nodeType":"n8n-nodes-base.code","nodeName":"Code in JavaScript","nodeId":"1e3d7561-42b3-4f40-86bd-20d4d0b044b1"}}
{"__type":"$$EventMessageConfirm","confirm":"46e7a3b5-8d7b-4994-8dab-c9a95f0af94d","ts":"2026-04-16T10:09:10.644-05:00","source":{"id":"0","name":"eventBus"}}
{"__type":"$$EventMessageWorkflow","id":"d3e5393e-1b57-4666-8907-52725fee12d2","ts":"2026-04-16T10:09:10.647-05:00","eventName":"n8n.workflow.success","message":"n8n.workflow.success","payload":{"userId":"b2cb6c8b-f443-4d16-9483-5bab5d1fe4d0","executionId":"22","success":true,"isManual":true,"mode":"manual","workflowId":"k6IvHBBQsJxYBBCg","workflowName":"My workflow"}}
{"__type":"$$EventMessageConfirm","confirm":"d3e5393e-1b57-4666-8907-52725fee12d2","ts":"2026-04-16T10:09:10.648-05:00","source":{"id":"0","name":"eventBus"}}
{"__type":"$$EventMessageAudit","id":"c06e4a1b-a1ab-44b6-be2c-24c05239a67d","ts":"2026-04-16T10:09:15.401-05:00","eventName":"n8n.audit.workflow.executed","message":"n8n.audit.workflow.executed","payload":{"userId":"b2cb6c8b-f443-4d16-9483-5bab5d1fe4d0","_email":"anibal.cayetano@gmail.com","_firstName":"anibal","_lastName":"cayetano","globalRole":"global:owner","workflowId":"k6IvHBBQsJxYBBCg","workflowName":"My workflow","executionId":"23","source":"user-manual"}}
{"__type":"$$EventMessageConfirm","confirm":"c06e4a1b-a1ab-44b6-be2c-24c05239a67d","ts":"2026-04-16T10:09:15.401-05:00","source":{"id":"0","name":"eventBus"}}
{"__type":"$$EventMessageWorkflow","id":"40104ab7-78f7-403a-9442-d4fb11bb8815","ts":"2026-04-16T10:09:15.401-05:00","eventName":"n8n.workflow.started","message":"n8n.workflow.started","payload":{"executionId":"23","workflowId":"k6IvHBBQsJxYBBCg","isManual":false,"mode":"manual","workflowName":"My workflow"}}
{"__type":"$$EventMessageConfirm","confirm":"40104ab7-78f7-403a-9442-d4fb11bb8815","ts":"2026-04-16T10:09:15.401-05:00","source":{"id":"0","name":"eventBus"}}
{"__type":"$$EventMessageNode","id":"2e3c1aa4-ffaf-4eee-8b6b-5a7ad1cd2309","ts":"2026-04-16T10:09:15.419-05:00","eventName":"n8n.node.started","message":"n8n.node.started","payload":{"workflowId":"k6IvHBBQsJxYBBCg","workflowName":"My workflow","executionId":"23","nodeType":"n8n-nodes-base.readWriteFile","nodeName":"Read/Write Files from Disk","nodeId":"2c99bf53-8711-4c53-b87b-a7e4703d6518"}}
{"__type":"$$EventMessageConfirm","confirm":"2e3c1aa4-ffaf-4eee-8b6b-5a7ad1cd2309","ts":"2026-04-16T10:09:15.419-05:00","source":{"id":"0","name":"eventBus"}}
{"__type":"$$EventMessageNode","id":"52dcb55c-1eec-456d-8e73-90c6a58680e7","ts":"2026-04-16T10:09:15.444-05:00","eventName":"n8n.node.finished","message":"n8n.node.finished","payload":{"workflowId":"k6IvHBBQsJxYBBCg","workflowName":"My workflow","executionId":"23","nodeType":"n8n-nodes-base.readWriteFile","nodeName":"Read/Write Files from Disk","nodeId":"2c99bf53-8711-4c53-b87b-a7e4703d6518"}}
{"__type":"$$EventMessageConfirm","confirm":"52dcb55c-1eec-456d-8e73-90c6a58680e7","ts":"2026-04-16T10:09:15.444-05:00","source":{"id":"0","name":"eventBus"}}
{"__type":"$$EventMessageWorkflow","id":"5366258a-18aa-4760-b3f9-6912d85f2f13","ts":"2026-04-16T10:09:15.446-05:00","eventName":"n8n.workflow.success","message":"n8n.workflow.success","payload":{"userId":"b2cb6c8b-f443-4d16-9483-5bab5d1fe4d0","executionId":"23","success":true,"isManual":true,"mode":"manual","workflowId":"k6IvHBBQsJxYBBCg","workflowName":"My workflow"}}
{"__type":"$$EventMessageConfirm","confirm":"5366258a-18aa-4760-b3f9-6912d85f2f13","ts":"2026-04-16T10:09:15.446-05:00","source":{"id":"0","name":"eventBus"}}
{"__type":"$$EventMessageAudit","id":"e107f82c-5229-46be-97b9-d0f33294aa06","ts":"2026-04-16T10:45:49.967-05:00","eventName":"n8n.audit.user.credentials.created","message":"n8n.audit.user.credentials.created","payload":{"userId":"b2cb6c8b-f443-4d16-9483-5bab5d1fe4d0","_email":"anibal.cayetano@gmail.com","_firstName":"anibal","_lastName":"cayetano","globalRole":"global:owner","credentialType":"postgres","credentialId":"ylDDD9OYJWQ6pdPM","publicApi":false,"projectId":"Ek3aVVkVt7kSeuqc","projectType":"personal","isDynamic":false}}
{"__type":"$$EventMessageConfirm","confirm":"e107f82c-5229-46be-97b9-d0f33294aa06","ts":"2026-04-16T10:45:49.968-05:00","source":{"id":"0","name":"eventBus"}}
{"__type":"$$EventMessageAudit","id":"a9418a94-67b8-4028-b857-51b774fc6782","ts":"2026-04-16T10:48:44.714-05:00","eventName":"n8n.audit.workflow.updated","message":"n8n.audit.workflow.updated","payload":{"userId":"b2cb6c8b-f443-4d16-9483-5bab5d1fe4d0","_email":"anibal.cayetano@gmail.com","_firstName":"anibal","_lastName":"cayetano","globalRole":"global:owner","workflowId":"k6IvHBBQsJxYBBCg","workflowName":"My workflow"}}
{"__type":"$$EventMessageConfirm","confirm":"a9418a94-67b8-4028-b857-51b774fc6782","ts":"2026-04-16T10:48:44.714-05:00","source":{"id":"0","name":"eventBus"}}
{"__type":"$$EventMessageAudit","id":"c671b417-7f25-4825-b148-4f83d2ac26ff","ts":"2026-04-16T10:49:16.358-05:00","eventName":"n8n.audit.workflow.updated","message":"n8n.audit.workflow.updated","payload":{"userId":"b2cb6c8b-f443-4d16-9483-5bab5d1fe4d0","_email":"anibal.cayetano@gmail.com","_firstName":"anibal","_lastName":"cayetano","globalRole":"global:owner","workflowId":"k6IvHBBQsJxYBBCg","workflowName":"My workflow"}}
{"__type":"$$EventMessageConfirm","confirm":"c671b417-7f25-4825-b148-4f83d2ac26ff","ts":"2026-04-16T10:49:16.358-05:00","source":{"id":"0","name":"eventBus"}}
{"__type":"$$EventMessageAudit","id":"3c944e78-a1d5-426c-b3f2-d4f19d5e11c5","ts":"2026-04-16T10:53:35.819-05:00","eventName":"n8n.audit.workflow.updated","message":"n8n.audit.workflow.updated","payload":{"userId":"b2cb6c8b-f443-4d16-9483-5bab5d1fe4d0","_email":"anibal.cayetano@gmail.com","_firstName":"anibal","_lastName":"cayetano","globalRole":"global:owner","workflowId":"k6IvHBBQsJxYBBCg","workflowName":"My workflow"}}
{"__type":"$$EventMessageConfirm","confirm":"3c944e78-a1d5-426c-b3f2-d4f19d5e11c5","ts":"2026-04-16T10:53:35.819-05:00","source":{"id":"0","name":"eventBus"}}
{"__type":"$$EventMessageAudit","id":"b2984399-dd5c-4493-b0ef-1a234aa0809a","ts":"2026-04-16T10:54:34.574-05:00","eventName":"n8n.audit.workflow.updated","message":"n8n.audit.workflow.updated","payload":{"userId":"b2cb6c8b-f443-4d16-9483-5bab5d1fe4d0","_email":"anibal.cayetano@gmail.com","_firstName":"anibal","_lastName":"cayetano","globalRole":"global:owner","workflowId":"k6IvHBBQsJxYBBCg","workflowName":"My workflow"}}
{"__type":"$$EventMessageConfirm","confirm":"b2984399-dd5c-4493-b0ef-1a234aa0809a","ts":"2026-04-16T10:54:34.574-05:00","source":{"id":"0","name":"eventBus"}}
{"__type":"$$EventMessageAudit","id":"009906e7-568f-40d5-b4e2-ea4bee5a48e2","ts":"2026-04-16T10:54:39.907-05:00","eventName":"n8n.audit.workflow.updated","message":"n8n.audit.workflow.updated","payload":{"userId":"b2cb6c8b-f443-4d16-9483-5bab5d1fe4d0","_email":"anibal.cayetano@gmail.com","_firstName":"anibal","_lastName":"cayetano","globalRole":"global:owner","workflowId":"k6IvHBBQsJxYBBCg","workflowName":"My workflow"}}
{"__type":"$$EventMessageConfirm","confirm":"009906e7-568f-40d5-b4e2-ea4bee5a48e2","ts":"2026-04-16T10:54:39.907-05:00","source":{"id":"0","name":"eventBus"}}
{"__type":"$$EventMessageAudit","id":"b6033268-eb05-4cfe-ae84-67657e75de4a","ts":"2026-04-16T10:55:09.594-05:00","eventName":"n8n.audit.workflow.updated","message":"n8n.audit.workflow.updated","payload":{"userId":"b2cb6c8b-f443-4d16-9483-5bab5d1fe4d0","_email":"anibal.cayetano@gmail.com","_firstName":"anibal","_lastName":"cayetano","globalRole":"global:owner","workflowId":"k6IvHBBQsJxYBBCg","workflowName":"My workflow"}}
{"__type":"$$EventMessageConfirm","confirm":"b6033268-eb05-4cfe-ae84-67657e75de4a","ts":"2026-04-16T10:55:09.595-05:00","source":{"id":"0","name":"eventBus"}}
{"__type":"$$EventMessageAudit","id":"ad9eb58e-1857-4673-83f5-e95ed2d44fa9","ts":"2026-04-16T10:55:41.406-05:00","eventName":"n8n.audit.workflow.updated","message":"n8n.audit.workflow.updated","payload":{"userId":"b2cb6c8b-f443-4d16-9483-5bab5d1fe4d0","_email":"anibal.cayetano@gmail.com","_firstName":"anibal","_lastName":"cayetano","globalRole":"global:owner","workflowId":"k6IvHBBQsJxYBBCg","workflowName":"My workflow"}}
{"__type":"$$EventMessageConfirm","confirm":"ad9eb58e-1857-4673-83f5-e95ed2d44fa9","ts":"2026-04-16T10:55:41.406-05:00","source":{"id":"0","name":"eventBus"}}
{"__type":"$$EventMessageAudit","id":"edfec671-f955-44c0-bce7-def6a855c214","ts":"2026-04-16T10:56:47.540-05:00","eventName":"n8n.audit.workflow.updated","message":"n8n.audit.workflow.updated","payload":{"userId":"b2cb6c8b-f443-4d16-9483-5bab5d1fe4d0","_email":"anibal.cayetano@gmail.com","_firstName":"anibal","_lastName":"cayetano","globalRole":"global:owner","workflowId":"k6IvHBBQsJxYBBCg","workflowName":"My workflow"}}
{"__type":"$$EventMessageConfirm","confirm":"edfec671-f955-44c0-bce7-def6a855c214","ts":"2026-04-16T10:56:47.540-05:00","source":{"id":"0","name":"eventBus"}}
{"__type":"$$EventMessageAudit","id":"28009ac3-5ebb-490a-bc32-552f090e6f66","ts":"2026-04-16T10:57:10.386-05:00","eventName":"n8n.audit.workflow.updated","message":"n8n.audit.workflow.updated","payload":{"userId":"b2cb6c8b-f443-4d16-9483-5bab5d1fe4d0","_email":"anibal.cayetano@gmail.com","_firstName":"anibal","_lastName":"cayetano","globalRole":"global:owner","workflowId":"k6IvHBBQsJxYBBCg","workflowName":"My workflow"}}
{"__type":"$$EventMessageConfirm","confirm":"28009ac3-5ebb-490a-bc32-552f090e6f66","ts":"2026-04-16T10:57:10.386-05:00","source":{"id":"0","name":"eventBus"}}
{"__type":"$$EventMessageAudit","id":"85827a3a-7168-4e36-8539-5a5a59c07579","ts":"2026-04-16T10:57:50.120-05:00","eventName":"n8n.audit.workflow.updated","message":"n8n.audit.workflow.updated","payload":{"userId":"b2cb6c8b-f443-4d16-9483-5bab5d1fe4d0","_email":"anibal.cayetano@gmail.com","_firstName":"anibal","_lastName":"cayetano","globalRole":"global:owner","workflowId":"k6IvHBBQsJxYBBCg","workflowName":"My workflow"}}
{"__type":"$$EventMessageConfirm","confirm":"85827a3a-7168-4e36-8539-5a5a59c07579","ts":"2026-04-16T10:57:50.120-05:00","source":{"id":"0","name":"eventBus"}}
{"__type":"$$EventMessageAudit","id":"e58f6c19-7e7f-4fc9-9270-4183cb5c2966","ts":"2026-04-16T10:58:00.418-05:00","eventName":"n8n.audit.workflow.updated","message":"n8n.audit.workflow.updated","payload":{"userId":"b2cb6c8b-f443-4d16-9483-5bab5d1fe4d0","_email":"anibal.cayetano@gmail.com","_firstName":"anibal","_lastName":"cayetano","globalRole":"global:owner","workflowId":"k6IvHBBQsJxYBBCg","workflowName":"My workflow"}}
{"__type":"$$EventMessageConfirm","confirm":"e58f6c19-7e7f-4fc9-9270-4183cb5c2966","ts":"2026-04-16T10:58:00.418-05:00","source":{"id":"0","name":"eventBus"}}
{"__type":"$$EventMessageAudit","id":"15ec809f-09ae-4b2a-8477-8dd9b84e931d","ts":"2026-04-16T10:58:11.201-05:00","eventName":"n8n.audit.workflow.updated","message":"n8n.audit.workflow.updated","payload":{"userId":"b2cb6c8b-f443-4d16-9483-5bab5d1fe4d0","_email":"anibal.cayetano@gmail.com","_firstName":"anibal","_lastName":"cayetano","globalRole":"global:owner","workflowId":"k6IvHBBQsJxYBBCg","workflowName":"My workflow"}}
{"__type":"$$EventMessageConfirm","confirm":"15ec809f-09ae-4b2a-8477-8dd9b84e931d","ts":"2026-04-16T10:58:11.201-05:00","source":{"id":"0","name":"eventBus"}}
{"__type":"$$EventMessageAudit","id":"2d190e0a-9d81-4050-b559-84ba98b20ab9","ts":"2026-04-16T10:58:20.148-05:00","eventName":"n8n.audit.workflow.updated","message":"n8n.audit.workflow.updated","payload":{"userId":"b2cb6c8b-f443-4d16-9483-5bab5d1fe4d0","_email":"anibal.cayetano@gmail.com","_firstName":"anibal","_lastName":"cayetano","globalRole":"global:owner","workflowId":"k6IvHBBQsJxYBBCg","workflowName":"My workflow"}}
{"__type":"$$EventMessageConfirm","confirm":"2d190e0a-9d81-4050-b559-84ba98b20ab9","ts":"2026-04-16T10:58:20.148-05:00","source":{"id":"0","name":"eventBus"}}
{"__type":"$$EventMessageAudit","id":"cc6f3319-9a68-48ec-8d7b-c6586e7f7b5d","ts":"2026-04-16T10:59:05.100-05:00","eventName":"n8n.audit.workflow.updated","message":"n8n.audit.workflow.updated","payload":{"userId":"b2cb6c8b-f443-4d16-9483-5bab5d1fe4d0","_email":"anibal.cayetano@gmail.com","_firstName":"anibal","_lastName":"cayetano","globalRole":"global:owner","workflowId":"k6IvHBBQsJxYBBCg","workflowName":"My workflow"}}
{"__type":"$$EventMessageConfirm","confirm":"cc6f3319-9a68-48ec-8d7b-c6586e7f7b5d","ts":"2026-04-16T10:59:05.101-05:00","source":{"id":"0","name":"eventBus"}}
{"__type":"$$EventMessageAudit","id":"ea6ce53f-975d-416c-879e-1c8e603f3a28","ts":"2026-04-16T10:59:19.771-05:00","eventName":"n8n.audit.workflow.updated","message":"n8n.audit.workflow.updated","payload":{"userId":"b2cb6c8b-f443-4d16-9483-5bab5d1fe4d0","_email":"anibal.cayetano@gmail.com","_firstName":"anibal","_lastName":"cayetano","globalRole":"global:owner","workflowId":"k6IvHBBQsJxYBBCg","workflowName":"My workflow"}}
{"__type":"$$EventMessageConfirm","confirm":"ea6ce53f-975d-416c-879e-1c8e603f3a28","ts":"2026-04-16T10:59:19.771-05:00","source":{"id":"0","name":"eventBus"}}
{"__type":"$$EventMessageAudit","id":"add467b5-5d40-45c9-96c0-a120588a864b","ts":"2026-04-16T10:59:35.128-05:00","eventName":"n8n.audit.workflow.updated","message":"n8n.audit.workflow.updated","payload":{"userId":"b2cb6c8b-f443-4d16-9483-5bab5d1fe4d0","_email":"anibal.cayetano@gmail.com","_firstName":"anibal","_lastName":"cayetano","globalRole":"global:owner","workflowId":"k6IvHBBQsJxYBBCg","workflowName":"My workflow"}}
{"__type":"$$EventMessageConfirm","confirm":"add467b5-5d40-45c9-96c0-a120588a864b","ts":"2026-04-16T10:59:35.128-05:00","source":{"id":"0","name":"eventBus"}}
{"__type":"$$EventMessageAudit","id":"3dee22d5-58c5-49d7-87fd-ed7fdf0d4e93","ts":"2026-04-16T11:04:15.760-05:00","eventName":"n8n.audit.workflow.executed","message":"n8n.audit.workflow.executed","payload":{"userId":"b2cb6c8b-f443-4d16-9483-5bab5d1fe4d0","_email":"anibal.cayetano@gmail.com","_firstName":"anibal","_lastName":"cayetano","globalRole":"global:owner","workflowId":"k6IvHBBQsJxYBBCg","workflowName":"My workflow","executionId":"24","source":"user-manual"}}
{"__type":"$$EventMessageConfirm","confirm":"3dee22d5-58c5-49d7-87fd-ed7fdf0d4e93","ts":"2026-04-16T11:04:15.760-05:00","source":{"id":"0","name":"eventBus"}}
{"__type":"$$EventMessageWorkflow","id":"6294c619-264d-467d-bd1d-10e4f5eb5abc","ts":"2026-04-16T11:04:15.761-05:00","eventName":"n8n.workflow.started","message":"n8n.workflow.started","payload":{"executionId":"24","workflowId":"k6IvHBBQsJxYBBCg","isManual":false,"mode":"manual","workflowName":"My workflow"}}
{"__type":"$$EventMessageConfirm","confirm":"6294c619-264d-467d-bd1d-10e4f5eb5abc","ts":"2026-04-16T11:04:15.761-05:00","source":{"id":"0","name":"eventBus"}}
{"__type":"$$EventMessageNode","id":"e4b60b36-9f61-4eb9-aa7e-8f96727960a8","ts":"2026-04-16T11:04:15.783-05:00","eventName":"n8n.node.started","message":"n8n.node.started","payload":{"workflowId":"k6IvHBBQsJxYBBCg","workflowName":"My workflow","executionId":"24","nodeType":"n8n-nodes-base.emailReadImap","nodeName":"Email Trigger (IMAP)","nodeId":"04c20641-dd3e-45e8-b5f4-1f25f88db1af"}}
{"__type":"$$EventMessageConfirm","confirm":"e4b60b36-9f61-4eb9-aa7e-8f96727960a8","ts":"2026-04-16T11:04:15.783-05:00","source":{"id":"0","name":"eventBus"}}
{"__type":"$$EventMessageNode","id":"eef0322e-720c-4bd9-9b6d-431747637ed5","ts":"2026-04-16T11:04:22.153-05:00","eventName":"n8n.node.finished","message":"n8n.node.finished","payload":{"workflowId":"k6IvHBBQsJxYBBCg","workflowName":"My workflow","executionId":"24","nodeType":"n8n-nodes-base.emailReadImap","nodeName":"Email Trigger (IMAP)","nodeId":"04c20641-dd3e-45e8-b5f4-1f25f88db1af"}}
{"__type":"$$EventMessageConfirm","confirm":"eef0322e-720c-4bd9-9b6d-431747637ed5","ts":"2026-04-16T11:04:22.153-05:00","source":{"id":"0","name":"eventBus"}}
{"__type":"$$EventMessageNode","id":"d3a685ba-7c9f-4501-89d0-95a560f98be3","ts":"2026-04-16T11:04:22.154-05:00","eventName":"n8n.node.started","message":"n8n.node.started","payload":{"workflowId":"k6IvHBBQsJxYBBCg","workflowName":"My workflow","executionId":"24","nodeType":"n8n-nodes-base.code","nodeName":"Code in JavaScript","nodeId":"1e3d7561-42b3-4f40-86bd-20d4d0b044b1"}}
{"__type":"$$EventMessageConfirm","confirm":"d3a685ba-7c9f-4501-89d0-95a560f98be3","ts":"2026-04-16T11:04:22.155-05:00","source":{"id":"0","name":"eventBus"}}
{"__type":"$$EventMessageRunner","id":"051200e3-26d4-4954-afca-74c7b1601591","ts":"2026-04-16T11:04:22.172-05:00","eventName":"n8n.runner.task.requested","message":"n8n.runner.task.requested","payload":{"taskId":"chbkPl9G","nodeId":"1e3d7561-42b3-4f40-86bd-20d4d0b044b1","workflowId":"k6IvHBBQsJxYBBCg","executionId":"24"}}
{"__type":"$$EventMessageConfirm","confirm":"051200e3-26d4-4954-afca-74c7b1601591","ts":"2026-04-16T11:04:22.172-05:00","source":{"id":"0","name":"eventBus"}}
{"__type":"$$EventMessageRunner","id":"d64b2ce5-1e27-456d-a002-e64ff8c0e24f","ts":"2026-04-16T11:04:22.281-05:00","eventName":"n8n.runner.response.received","message":"n8n.runner.response.received","payload":{"taskId":"chbkPl9G","nodeId":"1e3d7561-42b3-4f40-86bd-20d4d0b044b1","workflowId":"k6IvHBBQsJxYBBCg","executionId":"24"}}
{"__type":"$$EventMessageConfirm","confirm":"d64b2ce5-1e27-456d-a002-e64ff8c0e24f","ts":"2026-04-16T11:04:22.281-05:00","source":{"id":"0","name":"eventBus"}}
{"__type":"$$EventMessageNode","id":"a7f12500-d1f1-4d63-9656-e15c493fb040","ts":"2026-04-16T11:04:22.285-05:00","eventName":"n8n.node.finished","message":"n8n.node.finished","payload":{"workflowId":"k6IvHBBQsJxYBBCg","workflowName":"My workflow","executionId":"24","nodeType":"n8n-nodes-base.code","nodeName":"Code in JavaScript","nodeId":"1e3d7561-42b3-4f40-86bd-20d4d0b044b1"}}
{"__type":"$$EventMessageConfirm","confirm":"a7f12500-d1f1-4d63-9656-e15c493fb040","ts":"2026-04-16T11:04:22.285-05:00","source":{"id":"0","name":"eventBus"}}
{"__type":"$$EventMessageNode","id":"fd3931fb-bdea-45ff-b556-7b5d6fc4168a","ts":"2026-04-16T11:04:22.286-05:00","eventName":"n8n.node.started","message":"n8n.node.started","payload":{"workflowId":"k6IvHBBQsJxYBBCg","workflowName":"My workflow","executionId":"24","nodeType":"n8n-nodes-base.readWriteFile","nodeName":"Read/Write Files from Disk","nodeId":"2c99bf53-8711-4c53-b87b-a7e4703d6518"}}
{"__type":"$$EventMessageConfirm","confirm":"fd3931fb-bdea-45ff-b556-7b5d6fc4168a","ts":"2026-04-16T11:04:22.286-05:00","source":{"id":"0","name":"eventBus"}}
{"__type":"$$EventMessageNode","id":"431446b4-63d0-42be-ba42-3a431695bc80","ts":"2026-04-16T11:04:22.347-05:00","eventName":"n8n.node.finished","message":"n8n.node.finished","payload":{"workflowId":"k6IvHBBQsJxYBBCg","workflowName":"My workflow","executionId":"24","nodeType":"n8n-nodes-base.readWriteFile","nodeName":"Read/Write Files from Disk","nodeId":"2c99bf53-8711-4c53-b87b-a7e4703d6518"}}
{"__type":"$$EventMessageConfirm","confirm":"431446b4-63d0-42be-ba42-3a431695bc80","ts":"2026-04-16T11:04:22.347-05:00","source":{"id":"0","name":"eventBus"}}
{"__type":"$$EventMessageNode","id":"0f69a7ec-072e-49a9-9b57-652bd9cabb40","ts":"2026-04-16T11:04:22.348-05:00","eventName":"n8n.node.started","message":"n8n.node.started","payload":{"workflowId":"k6IvHBBQsJxYBBCg","workflowName":"My workflow","executionId":"24","nodeType":"n8n-nodes-base.postgres","nodeName":"Guardar_Correo","nodeId":"7a08e2a1-13d1-42f7-8f9d-0c5b4e1bbe1e"}}
{"__type":"$$EventMessageConfirm","confirm":"0f69a7ec-072e-49a9-9b57-652bd9cabb40","ts":"2026-04-16T11:04:22.349-05:00","source":{"id":"0","name":"eventBus"}}
{"__type":"$$EventMessageNode","id":"a98b8a26-ef2a-4eca-8efc-bcbbfb6dcb1a","ts":"2026-04-16T11:04:22.497-05:00","eventName":"n8n.node.finished","message":"n8n.node.finished","payload":{"workflowId":"k6IvHBBQsJxYBBCg","workflowName":"My workflow","executionId":"24","nodeType":"n8n-nodes-base.postgres","nodeName":"Guardar_Correo","nodeId":"7a08e2a1-13d1-42f7-8f9d-0c5b4e1bbe1e"}}
{"__type":"$$EventMessageConfirm","confirm":"a98b8a26-ef2a-4eca-8efc-bcbbfb6dcb1a","ts":"2026-04-16T11:04:22.497-05:00","source":{"id":"0","name":"eventBus"}}
{"__type":"$$EventMessageWorkflow","id":"4a4cd421-92eb-4712-84a6-62a53dc49214","ts":"2026-04-16T11:04:23.224-05:00","eventName":"n8n.workflow.failed","message":"n8n.workflow.failed","payload":{"userId":"b2cb6c8b-f443-4d16-9483-5bab5d1fe4d0","executionId":"24","success":false,"isManual":true,"mode":"manual","workflowId":"k6IvHBBQsJxYBBCg","workflowName":"My workflow","lastNodeExecuted":"Guardar_Correo","errorNodeType":"n8n-nodes-base.postgres","errorMessage":"column \"undefined\" does not exist"}}
{"__type":"$$EventMessageConfirm","confirm":"4a4cd421-92eb-4712-84a6-62a53dc49214","ts":"2026-04-16T11:04:23.225-05:00","source":{"id":"0","name":"eventBus"}}
